[  6%] Built target moveit_ros_planning_gencfg
[ 10%] Built target moveit_rdf_loader
[ 13%] Built target moveit_collision_plugin_loader
[ 16%] Built target moveit_constraint_sampler_manager_loader
[ 20%] Built target moveit_planning_pipeline
[ 23%] Built target moveit_list_request_adapter_plugins
[ 40%] Built target moveit_default_planning_request_adapter_plugins
[ 44%] Built target moveit_kinematics_plugin_loader
[ 47%] Built target moveit_robot_model_loader
[ 50%] Built target moveit_print_planning_model_info
[ 57%] Built target moveit_planning_scene_monitor
[ 61%] Built target moveit_kinematics_speed_and_validity_evaluator
[ 64%] Built target moveit_evaluate_state_operations_speed
[ 67%] Built target moveit_trajectory_execution_manager
[ 71%] Built target demo_scene
[ 74%] Built target moveit_visualize_robot_collision_volume
[ 77%] Built target moveit_print_planning_scene_info
[ 81%] Built target moveit_display_random_state
[ 84%] Built target moveit_publish_scene_from_text
[ 88%] Built target test_controller_manager_plugin
[ 91%] Built target moveit_evaluate_collision_checking_speed
[ 94%] Built target test_controller_manager
[100%] Built target moveit_plan_execution
