[01m[K/home/caio/2_ROS/Doutorado_grasping/src/universal_robot/ur_kinematics/src/ur_moveit_plugin.cpp:[m[K In member function ‘[01m[Kvirtual bool ur_kinematics::URKinematicsPlugin::initialize(const string&, const string&, const string&, const string&, double)[m[K’:
[01m[K/home/caio/2_ROS/Doutorado_grasping/src/universal_robot/ur_kinematics/src/ur_moveit_plugin.cpp:174:88:[m[K [01;35m[Kwarning: [m[K‘[01m[Kvirtual void kinematics::KinematicsBase::setValues(const string&, const string&, const string&, const string&, double)[m[K’ is deprecated [-Wdeprecated-declarations]
   setValues(robot_description, group_name, base_frame, tip_frame, search_discretization);
[01;32m[K                                                                                        ^[m[K
In file included from [01m[K/home/caio/2_ROS/Doutorado_grasping/src/universal_robot/ur_kinematics/include/ur_kinematics/ur_moveit_plugin.h:102:0[m[K,
                 from [01m[K/home/caio/2_ROS/Doutorado_grasping/src/universal_robot/ur_kinematics/src/ur_moveit_plugin.cpp:88[m[K:
[01m[K/home/caio/2_ROS/Doutorado_grasping/src/moveit/moveit_core/kinematics_base/include/moveit/kinematics_base/kinematics_base.h:344:31:[m[K [01;36m[Knote: [m[Kdeclared here
   [[deprecated]] virtual void setValues(const std::string& robot_description, const std::string& group_name,
[01;32m[K                               ^[m[K
[01m[K/home/caio/2_ROS/Doutorado_grasping/src/universal_robot/ur_kinematics/src/ur_moveit_plugin.cpp:[m[K In member function ‘[01m[Kvirtual bool ur_kinematics::URKinematicsPlugin::initialize(const string&, const string&, const string&, const string&, double)[m[K’:
[01m[K/home/caio/2_ROS/Doutorado_grasping/src/universal_robot/ur_kinematics/src/ur_moveit_plugin.cpp:174:88:[m[K [01;35m[Kwarning: [m[K‘[01m[Kvirtual void kinematics::KinematicsBase::setValues(const string&, const string&, const string&, const string&, double)[m[K’ is deprecated [-Wdeprecated-declarations]
   setValues(robot_description, group_name, base_frame, tip_frame, search_discretization);
[01;32m[K                                                                                        ^[m[K
In file included from [01m[K/home/caio/2_ROS/Doutorado_grasping/src/universal_robot/ur_kinematics/include/ur_kinematics/ur_moveit_plugin.h:102:0[m[K,
                 from [01m[K/home/caio/2_ROS/Doutorado_grasping/src/universal_robot/ur_kinematics/src/ur_moveit_plugin.cpp:88[m[K:
[01m[K/home/caio/2_ROS/Doutorado_grasping/src/moveit/moveit_core/kinematics_base/include/moveit/kinematics_base/kinematics_base.h:344:31:[m[K [01;36m[Knote: [m[Kdeclared here
   [[deprecated]] virtual void setValues(const std::string& robot_description, const std::string& group_name,
[01;32m[K                               ^[m[K
[01m[K/home/caio/2_ROS/Doutorado_grasping/src/universal_robot/ur_kinematics/src/ur_moveit_plugin.cpp:[m[K In member function ‘[01m[Kvirtual bool ur_kinematics::URKinematicsPlugin::initialize(const string&, const string&, const string&, const string&, double)[m[K’:
[01m[K/home/caio/2_ROS/Doutorado_grasping/src/universal_robot/ur_kinematics/src/ur_moveit_plugin.cpp:174:88:[m[K [01;35m[Kwarning: [m[K‘[01m[Kvirtual void kinematics::KinematicsBase::setValues(const string&, const string&, const string&, const string&, double)[m[K’ is deprecated [-Wdeprecated-declarations]
   setValues(robot_description, group_name, base_frame, tip_frame, search_discretization);
[01;32m[K                                                                                        ^[m[K
In file included from [01m[K/home/caio/2_ROS/Doutorado_grasping/src/universal_robot/ur_kinematics/include/ur_kinematics/ur_moveit_plugin.h:102:0[m[K,
                 from [01m[K/home/caio/2_ROS/Doutorado_grasping/src/universal_robot/ur_kinematics/src/ur_moveit_plugin.cpp:88[m[K:
[01m[K/home/caio/2_ROS/Doutorado_grasping/src/moveit/moveit_core/kinematics_base/include/moveit/kinematics_base/kinematics_base.h:344:31:[m[K [01;36m[Knote: [m[Kdeclared here
   [[deprecated]] virtual void setValues(const std::string& robot_description, const std::string& group_name,
[01;32m[K                               ^[m[K
