[35m[1mScanning dependencies of target ur5_kin[0m
[35m[1mScanning dependencies of target ur10_kin[0m
[  8%] [32mBuilding CXX object CMakeFiles/ur10_kin.dir/src/ur_kin.cpp.o[0m
[ 16%] [32mBuilding CXX object CMakeFiles/ur5_kin.dir/src/ur_kin.cpp.o[0m
[ 25%] [32m[1mLinking CXX shared library /home/caio/2_ROS/Doutorado_grasping/devel/.private/ur_kinematics/lib/libur10_kin.so[0m
[ 33%] [32m[1mLinking CXX shared library /home/caio/2_ROS/Doutorado_grasping/devel/.private/ur_kinematics/lib/libur5_kin.so[0m
[ 33%] Built target ur10_kin
[ 33%] Built target ur5_kin
[35m[1mScanning dependencies of target ur3_kin[0m
[35m[1mScanning dependencies of target ur10_moveit_plugin[0m
[ 41%] [32mBuilding CXX object CMakeFiles/ur3_kin.dir/src/ur_kin.cpp.o[0m
[ 50%] [32mBuilding CXX object CMakeFiles/ur10_moveit_plugin.dir/src/ur_moveit_plugin.cpp.o[0m
[ 58%] [32m[1mLinking CXX shared library /home/caio/2_ROS/Doutorado_grasping/devel/.private/ur_kinematics/lib/libur3_kin.so[0m
[ 58%] Built target ur3_kin
[35m[1mScanning dependencies of target ur5_moveit_plugin[0m
[ 66%] [32mBuilding CXX object CMakeFiles/ur5_moveit_plugin.dir/src/ur_moveit_plugin.cpp.o[0m
[35m[1mScanning dependencies of target ur3_moveit_plugin[0m
[ 75%] [32mBuilding CXX object CMakeFiles/ur3_moveit_plugin.dir/src/ur_moveit_plugin.cpp.o[0m
[01m[K/home/caio/2_ROS/Doutorado_grasping/src/universal_robot/ur_kinematics/src/ur_moveit_plugin.cpp:[m[K In member function ‘[01m[Kvirtual bool ur_kinematics::URKinematicsPlugin::initialize(const string&, const string&, const string&, const string&, double)[m[K’:
[01m[K/home/caio/2_ROS/Doutorado_grasping/src/universal_robot/ur_kinematics/src/ur_moveit_plugin.cpp:174:88:[m[K [01;35m[Kwarning: [m[K‘[01m[Kvirtual void kinematics::KinematicsBase::setValues(const string&, const string&, const string&, const string&, double)[m[K’ is deprecated [-Wdeprecated-declarations]
   setValues(robot_description, group_name, base_frame, tip_frame, search_discretization);
[01;32m[K                                                                                        ^[m[K
In file included from [01m[K/home/caio/2_ROS/Doutorado_grasping/src/universal_robot/ur_kinematics/include/ur_kinematics/ur_moveit_plugin.h:102:0[m[K,
                 from [01m[K/home/caio/2_ROS/Doutorado_grasping/src/universal_robot/ur_kinematics/src/ur_moveit_plugin.cpp:88[m[K:
[01m[K/home/caio/2_ROS/Doutorado_grasping/src/moveit/moveit_core/kinematics_base/include/moveit/kinematics_base/kinematics_base.h:344:31:[m[K [01;36m[Knote: [m[Kdeclared here
   [[deprecated]] virtual void setValues(const std::string& robot_description, const std::string& group_name,
[01;32m[K                               ^[m[K
[01m[K/home/caio/2_ROS/Doutorado_grasping/src/universal_robot/ur_kinematics/src/ur_moveit_plugin.cpp:[m[K In member function ‘[01m[Kvirtual bool ur_kinematics::URKinematicsPlugin::initialize(const string&, const string&, const string&, const string&, double)[m[K’:
[01m[K/home/caio/2_ROS/Doutorado_grasping/src/universal_robot/ur_kinematics/src/ur_moveit_plugin.cpp:174:88:[m[K [01;35m[Kwarning: [m[K‘[01m[Kvirtual void kinematics::KinematicsBase::setValues(const string&, const string&, const string&, const string&, double)[m[K’ is deprecated [-Wdeprecated-declarations]
   setValues(robot_description, group_name, base_frame, tip_frame, search_discretization);
[01;32m[K                                                                                        ^[m[K
In file included from [01m[K/home/caio/2_ROS/Doutorado_grasping/src/universal_robot/ur_kinematics/include/ur_kinematics/ur_moveit_plugin.h:102:0[m[K,
                 from [01m[K/home/caio/2_ROS/Doutorado_grasping/src/universal_robot/ur_kinematics/src/ur_moveit_plugin.cpp:88[m[K:
[01m[K/home/caio/2_ROS/Doutorado_grasping/src/moveit/moveit_core/kinematics_base/include/moveit/kinematics_base/kinematics_base.h:344:31:[m[K [01;36m[Knote: [m[Kdeclared here
   [[deprecated]] virtual void setValues(const std::string& robot_description, const std::string& group_name,
[01;32m[K                               ^[m[K
[01m[K/home/caio/2_ROS/Doutorado_grasping/src/universal_robot/ur_kinematics/src/ur_moveit_plugin.cpp:[m[K In member function ‘[01m[Kvirtual bool ur_kinematics::URKinematicsPlugin::initialize(const string&, const string&, const string&, const string&, double)[m[K’:
[01m[K/home/caio/2_ROS/Doutorado_grasping/src/universal_robot/ur_kinematics/src/ur_moveit_plugin.cpp:174:88:[m[K [01;35m[Kwarning: [m[K‘[01m[Kvirtual void kinematics::KinematicsBase::setValues(const string&, const string&, const string&, const string&, double)[m[K’ is deprecated [-Wdeprecated-declarations]
   setValues(robot_description, group_name, base_frame, tip_frame, search_discretization);
[01;32m[K                                                                                        ^[m[K
In file included from [01m[K/home/caio/2_ROS/Doutorado_grasping/src/universal_robot/ur_kinematics/include/ur_kinematics/ur_moveit_plugin.h:102:0[m[K,
                 from [01m[K/home/caio/2_ROS/Doutorado_grasping/src/universal_robot/ur_kinematics/src/ur_moveit_plugin.cpp:88[m[K:
[01m[K/home/caio/2_ROS/Doutorado_grasping/src/moveit/moveit_core/kinematics_base/include/moveit/kinematics_base/kinematics_base.h:344:31:[m[K [01;36m[Knote: [m[Kdeclared here
   [[deprecated]] virtual void setValues(const std::string& robot_description, const std::string& group_name,
[01;32m[K                               ^[m[K
[ 83%] [32m[1mLinking CXX shared library /home/caio/2_ROS/Doutorado_grasping/devel/.private/ur_kinematics/lib/libur10_moveit_plugin.so[0m
[ 83%] Built target ur10_moveit_plugin
[ 91%] [32m[1mLinking CXX shared library /home/caio/2_ROS/Doutorado_grasping/devel/.private/ur_kinematics/lib/libur5_moveit_plugin.so[0m
[ 91%] Built target ur5_moveit_plugin
[100%] [32m[1mLinking CXX shared library /home/caio/2_ROS/Doutorado_grasping/devel/.private/ur_kinematics/lib/libur3_moveit_plugin.so[0m
[100%] Built target ur3_moveit_plugin
