Linked: (/home/caio/2_ROS/Doutorado_grasping/devel/.private/control_msgs/include/control_msgs/FollowJointTrajectoryFeedback.h, /home/caio/2_ROS/Doutorado_grasping/devel/include/control_msgs/FollowJointTrajectoryFeedback.h)
Linked: (/home/caio/2_ROS/Doutorado_grasping/devel/.private/control_msgs/include/control_msgs/FollowJointTrajectoryGoal.h, /home/caio/2_ROS/Doutorado_grasping/devel/include/control_msgs/FollowJointTrajectoryGoal.h)
Linked: (/home/caio/2_ROS/Doutorado_grasping/devel/.private/control_msgs/include/control_msgs/PointHeadGoal.h, /home/caio/2_ROS/Doutorado_grasping/devel/include/control_msgs/PointHeadGoal.h)
Linked: (/home/caio/2_ROS/Doutorado_grasping/devel/.private/control_msgs/include/control_msgs/PointHeadActionGoal.h, /home/caio/2_ROS/Doutorado_grasping/devel/include/control_msgs/PointHeadActionGoal.h)
Linked: (/home/caio/2_ROS/Doutorado_grasping/devel/.private/control_msgs/include/control_msgs/JointControllerState.h, /home/caio/2_ROS/Doutorado_grasping/devel/include/control_msgs/JointControllerState.h)
Linked: (/home/caio/2_ROS/Doutorado_grasping/devel/.private/control_msgs/include/control_msgs/JointTrajectoryControllerState.h, /home/caio/2_ROS/Doutorado_grasping/devel/include/control_msgs/JointTrajectoryControllerState.h)
Linked: (/home/caio/2_ROS/Doutorado_grasping/devel/.private/control_msgs/include/control_msgs/SingleJointPositionResult.h, /home/caio/2_ROS/Doutorado_grasping/devel/include/control_msgs/SingleJointPositionResult.h)
Linked: (/home/caio/2_ROS/Doutorado_grasping/devel/.private/control_msgs/include/control_msgs/GripperCommandFeedback.h, /home/caio/2_ROS/Doutorado_grasping/devel/include/control_msgs/GripperCommandFeedback.h)
Linked: (/home/caio/2_ROS/Doutorado_grasping/devel/.private/control_msgs/include/control_msgs/PointHeadActionResult.h, /home/caio/2_ROS/Doutorado_grasping/devel/include/control_msgs/PointHeadActionResult.h)
Linked: (/home/caio/2_ROS/Doutorado_grasping/devel/.private/control_msgs/include/control_msgs/PointHeadFeedback.h, /home/caio/2_ROS/Doutorado_grasping/devel/include/control_msgs/PointHeadFeedback.h)
Linked: (/home/caio/2_ROS/Doutorado_grasping/devel/.private/control_msgs/include/control_msgs/JointTrajectoryResult.h, /home/caio/2_ROS/Doutorado_grasping/devel/include/control_msgs/JointTrajectoryResult.h)
Linked: (/home/caio/2_ROS/Doutorado_grasping/devel/.private/control_msgs/include/control_msgs/QueryCalibrationStateRequest.h, /home/caio/2_ROS/Doutorado_grasping/devel/include/control_msgs/QueryCalibrationStateRequest.h)
Linked: (/home/caio/2_ROS/Doutorado_grasping/devel/.private/control_msgs/include/control_msgs/QueryCalibrationStateResponse.h, /home/caio/2_ROS/Doutorado_grasping/devel/include/control_msgs/QueryCalibrationStateResponse.h)
Linked: (/home/caio/2_ROS/Doutorado_grasping/devel/.private/control_msgs/include/control_msgs/PidState.h, /home/caio/2_ROS/Doutorado_grasping/devel/include/control_msgs/PidState.h)
Linked: (/home/caio/2_ROS/Doutorado_grasping/devel/.private/control_msgs/include/control_msgs/QueryCalibrationState.h, /home/caio/2_ROS/Doutorado_grasping/devel/include/control_msgs/QueryCalibrationState.h)
Linked: (/home/caio/2_ROS/Doutorado_grasping/devel/.private/control_msgs/include/control_msgs/QueryTrajectoryState.h, /home/caio/2_ROS/Doutorado_grasping/devel/include/control_msgs/QueryTrajectoryState.h)
Linked: (/home/caio/2_ROS/Doutorado_grasping/devel/.private/control_msgs/include/control_msgs/GripperCommand.h, /home/caio/2_ROS/Doutorado_grasping/devel/include/control_msgs/GripperCommand.h)
Linked: (/home/caio/2_ROS/Doutorado_grasping/devel/.private/control_msgs/include/control_msgs/SingleJointPositionActionResult.h, /home/caio/2_ROS/Doutorado_grasping/devel/include/control_msgs/SingleJointPositionActionResult.h)
Linked: (/home/caio/2_ROS/Doutorado_grasping/devel/.private/control_msgs/include/control_msgs/SingleJointPositionActionGoal.h, /home/caio/2_ROS/Doutorado_grasping/devel/include/control_msgs/SingleJointPositionActionGoal.h)
Linked: (/home/caio/2_ROS/Doutorado_grasping/devel/.private/control_msgs/include/control_msgs/JointTolerance.h, /home/caio/2_ROS/Doutorado_grasping/devel/include/control_msgs/JointTolerance.h)
Linked: (/home/caio/2_ROS/Doutorado_grasping/devel/.private/control_msgs/include/control_msgs/GripperCommandActionResult.h, /home/caio/2_ROS/Doutorado_grasping/devel/include/control_msgs/GripperCommandActionResult.h)
Linked: (/home/caio/2_ROS/Doutorado_grasping/devel/.private/control_msgs/include/control_msgs/QueryTrajectoryStateRequest.h, /home/caio/2_ROS/Doutorado_grasping/devel/include/control_msgs/QueryTrajectoryStateRequest.h)
Linked: (/home/caio/2_ROS/Doutorado_grasping/devel/.private/control_msgs/include/control_msgs/FollowJointTrajectoryAction.h, /home/caio/2_ROS/Doutorado_grasping/devel/include/control_msgs/FollowJointTrajectoryAction.h)
Linked: (/home/caio/2_ROS/Doutorado_grasping/devel/.private/control_msgs/include/control_msgs/JointTrajectoryActionGoal.h, /home/caio/2_ROS/Doutorado_grasping/devel/include/control_msgs/JointTrajectoryActionGoal.h)
Linked: (/home/caio/2_ROS/Doutorado_grasping/devel/.private/control_msgs/include/control_msgs/GripperCommandActionGoal.h, /home/caio/2_ROS/Doutorado_grasping/devel/include/control_msgs/GripperCommandActionGoal.h)
Linked: (/home/caio/2_ROS/Doutorado_grasping/devel/.private/control_msgs/include/control_msgs/FollowJointTrajectoryResult.h, /home/caio/2_ROS/Doutorado_grasping/devel/include/control_msgs/FollowJointTrajectoryResult.h)
Linked: (/home/caio/2_ROS/Doutorado_grasping/devel/.private/control_msgs/include/control_msgs/SingleJointPositionGoal.h, /home/caio/2_ROS/Doutorado_grasping/devel/include/control_msgs/SingleJointPositionGoal.h)
Linked: (/home/caio/2_ROS/Doutorado_grasping/devel/.private/control_msgs/include/control_msgs/GripperCommandActionFeedback.h, /home/caio/2_ROS/Doutorado_grasping/devel/include/control_msgs/GripperCommandActionFeedback.h)
Linked: (/home/caio/2_ROS/Doutorado_grasping/devel/.private/control_msgs/include/control_msgs/SingleJointPositionFeedback.h, /home/caio/2_ROS/Doutorado_grasping/devel/include/control_msgs/SingleJointPositionFeedback.h)
Linked: (/home/caio/2_ROS/Doutorado_grasping/devel/.private/control_msgs/include/control_msgs/JointTrajectoryActionResult.h, /home/caio/2_ROS/Doutorado_grasping/devel/include/control_msgs/JointTrajectoryActionResult.h)
Linked: (/home/caio/2_ROS/Doutorado_grasping/devel/.private/control_msgs/include/control_msgs/SingleJointPositionActionFeedback.h, /home/caio/2_ROS/Doutorado_grasping/devel/include/control_msgs/SingleJointPositionActionFeedback.h)
Linked: (/home/caio/2_ROS/Doutorado_grasping/devel/.private/control_msgs/include/control_msgs/FollowJointTrajectoryActionGoal.h, /home/caio/2_ROS/Doutorado_grasping/devel/include/control_msgs/FollowJointTrajectoryActionGoal.h)
Linked: (/home/caio/2_ROS/Doutorado_grasping/devel/.private/control_msgs/include/control_msgs/GripperCommandResult.h, /home/caio/2_ROS/Doutorado_grasping/devel/include/control_msgs/GripperCommandResult.h)
Linked: (/home/caio/2_ROS/Doutorado_grasping/devel/.private/control_msgs/include/control_msgs/FollowJointTrajectoryActionResult.h, /home/caio/2_ROS/Doutorado_grasping/devel/include/control_msgs/FollowJointTrajectoryActionResult.h)
Linked: (/home/caio/2_ROS/Doutorado_grasping/devel/.private/control_msgs/include/control_msgs/JointTrajectoryActionFeedback.h, /home/caio/2_ROS/Doutorado_grasping/devel/include/control_msgs/JointTrajectoryActionFeedback.h)
Linked: (/home/caio/2_ROS/Doutorado_grasping/devel/.private/control_msgs/include/control_msgs/SingleJointPositionAction.h, /home/caio/2_ROS/Doutorado_grasping/devel/include/control_msgs/SingleJointPositionAction.h)
Linked: (/home/caio/2_ROS/Doutorado_grasping/devel/.private/control_msgs/include/control_msgs/JointTrajectoryFeedback.h, /home/caio/2_ROS/Doutorado_grasping/devel/include/control_msgs/JointTrajectoryFeedback.h)
Linked: (/home/caio/2_ROS/Doutorado_grasping/devel/.private/control_msgs/include/control_msgs/PointHeadResult.h, /home/caio/2_ROS/Doutorado_grasping/devel/include/control_msgs/PointHeadResult.h)
Linked: (/home/caio/2_ROS/Doutorado_grasping/devel/.private/control_msgs/include/control_msgs/JointTrajectoryAction.h, /home/caio/2_ROS/Doutorado_grasping/devel/include/control_msgs/JointTrajectoryAction.h)
Linked: (/home/caio/2_ROS/Doutorado_grasping/devel/.private/control_msgs/include/control_msgs/JointJog.h, /home/caio/2_ROS/Doutorado_grasping/devel/include/control_msgs/JointJog.h)
Linked: (/home/caio/2_ROS/Doutorado_grasping/devel/.private/control_msgs/include/control_msgs/JointTrajectoryGoal.h, /home/caio/2_ROS/Doutorado_grasping/devel/include/control_msgs/JointTrajectoryGoal.h)
Linked: (/home/caio/2_ROS/Doutorado_grasping/devel/.private/control_msgs/include/control_msgs/PointHeadActionFeedback.h, /home/caio/2_ROS/Doutorado_grasping/devel/include/control_msgs/PointHeadActionFeedback.h)
Linked: (/home/caio/2_ROS/Doutorado_grasping/devel/.private/control_msgs/include/control_msgs/PointHeadAction.h, /home/caio/2_ROS/Doutorado_grasping/devel/include/control_msgs/PointHeadAction.h)
Linked: (/home/caio/2_ROS/Doutorado_grasping/devel/.private/control_msgs/include/control_msgs/GripperCommandAction.h, /home/caio/2_ROS/Doutorado_grasping/devel/include/control_msgs/GripperCommandAction.h)
Linked: (/home/caio/2_ROS/Doutorado_grasping/devel/.private/control_msgs/include/control_msgs/QueryTrajectoryStateResponse.h, /home/caio/2_ROS/Doutorado_grasping/devel/include/control_msgs/QueryTrajectoryStateResponse.h)
Linked: (/home/caio/2_ROS/Doutorado_grasping/devel/.private/control_msgs/include/control_msgs/FollowJointTrajectoryActionFeedback.h, /home/caio/2_ROS/Doutorado_grasping/devel/include/control_msgs/FollowJointTrajectoryActionFeedback.h)
Linked: (/home/caio/2_ROS/Doutorado_grasping/devel/.private/control_msgs/include/control_msgs/GripperCommandGoal.h, /home/caio/2_ROS/Doutorado_grasping/devel/include/control_msgs/GripperCommandGoal.h)
Linked: (/home/caio/2_ROS/Doutorado_grasping/devel/.private/control_msgs/lib/pkgconfig/control_msgs.pc, /home/caio/2_ROS/Doutorado_grasping/devel/lib/pkgconfig/control_msgs.pc)
Linked: (/home/caio/2_ROS/Doutorado_grasping/devel/.private/control_msgs/lib/python2.7/dist-packages/control_msgs/__init__.py, /home/caio/2_ROS/Doutorado_grasping/devel/lib/python2.7/dist-packages/control_msgs/__init__.py)
Linked: (/home/caio/2_ROS/Doutorado_grasping/devel/.private/control_msgs/lib/python2.7/dist-packages/control_msgs/srv/__init__.py, /home/caio/2_ROS/Doutorado_grasping/devel/lib/python2.7/dist-packages/control_msgs/srv/__init__.py)
Linked: (/home/caio/2_ROS/Doutorado_grasping/devel/.private/control_msgs/lib/python2.7/dist-packages/control_msgs/srv/_QueryTrajectoryState.py, /home/caio/2_ROS/Doutorado_grasping/devel/lib/python2.7/dist-packages/control_msgs/srv/_QueryTrajectoryState.py)
Linked: (/home/caio/2_ROS/Doutorado_grasping/devel/.private/control_msgs/lib/python2.7/dist-packages/control_msgs/srv/_QueryCalibrationState.py, /home/caio/2_ROS/Doutorado_grasping/devel/lib/python2.7/dist-packages/control_msgs/srv/_QueryCalibrationState.py)
Linked: (/home/caio/2_ROS/Doutorado_grasping/devel/.private/control_msgs/lib/python2.7/dist-packages/control_msgs/msg/_FollowJointTrajectoryGoal.py, /home/caio/2_ROS/Doutorado_grasping/devel/lib/python2.7/dist-packages/control_msgs/msg/_FollowJointTrajectoryGoal.py)
Linked: (/home/caio/2_ROS/Doutorado_grasping/devel/.private/control_msgs/lib/python2.7/dist-packages/control_msgs/msg/_PointHeadFeedback.py, /home/caio/2_ROS/Doutorado_grasping/devel/lib/python2.7/dist-packages/control_msgs/msg/_PointHeadFeedback.py)
Linked: (/home/caio/2_ROS/Doutorado_grasping/devel/.private/control_msgs/lib/python2.7/dist-packages/control_msgs/msg/_FollowJointTrajectoryActionFeedback.py, /home/caio/2_ROS/Doutorado_grasping/devel/lib/python2.7/dist-packages/control_msgs/msg/_FollowJointTrajectoryActionFeedback.py)
Linked: (/home/caio/2_ROS/Doutorado_grasping/devel/.private/control_msgs/lib/python2.7/dist-packages/control_msgs/msg/_FollowJointTrajectoryActionResult.py, /home/caio/2_ROS/Doutorado_grasping/devel/lib/python2.7/dist-packages/control_msgs/msg/_FollowJointTrajectoryActionResult.py)
Linked: (/home/caio/2_ROS/Doutorado_grasping/devel/.private/control_msgs/lib/python2.7/dist-packages/control_msgs/msg/_JointTrajectoryGoal.py, /home/caio/2_ROS/Doutorado_grasping/devel/lib/python2.7/dist-packages/control_msgs/msg/_JointTrajectoryGoal.py)
Linked: (/home/caio/2_ROS/Doutorado_grasping/devel/.private/control_msgs/lib/python2.7/dist-packages/control_msgs/msg/_GripperCommandAction.py, /home/caio/2_ROS/Doutorado_grasping/devel/lib/python2.7/dist-packages/control_msgs/msg/_GripperCommandAction.py)
Linked: (/home/caio/2_ROS/Doutorado_grasping/devel/.private/control_msgs/lib/python2.7/dist-packages/control_msgs/msg/_JointJog.py, /home/caio/2_ROS/Doutorado_grasping/devel/lib/python2.7/dist-packages/control_msgs/msg/_JointJog.py)
Linked: (/home/caio/2_ROS/Doutorado_grasping/devel/.private/control_msgs/lib/python2.7/dist-packages/control_msgs/msg/_PointHeadGoal.py, /home/caio/2_ROS/Doutorado_grasping/devel/lib/python2.7/dist-packages/control_msgs/msg/_PointHeadGoal.py)
Linked: (/home/caio/2_ROS/Doutorado_grasping/devel/.private/control_msgs/lib/python2.7/dist-packages/control_msgs/msg/_SingleJointPositionActionResult.py, /home/caio/2_ROS/Doutorado_grasping/devel/lib/python2.7/dist-packages/control_msgs/msg/_SingleJointPositionActionResult.py)
Linked: (/home/caio/2_ROS/Doutorado_grasping/devel/.private/control_msgs/lib/python2.7/dist-packages/control_msgs/msg/_JointTolerance.py, /home/caio/2_ROS/Doutorado_grasping/devel/lib/python2.7/dist-packages/control_msgs/msg/_JointTolerance.py)
Linked: (/home/caio/2_ROS/Doutorado_grasping/devel/.private/control_msgs/lib/python2.7/dist-packages/control_msgs/msg/_JointTrajectoryFeedback.py, /home/caio/2_ROS/Doutorado_grasping/devel/lib/python2.7/dist-packages/control_msgs/msg/_JointTrajectoryFeedback.py)
Linked: (/home/caio/2_ROS/Doutorado_grasping/devel/.private/control_msgs/lib/python2.7/dist-packages/control_msgs/msg/_PointHeadActionGoal.py, /home/caio/2_ROS/Doutorado_grasping/devel/lib/python2.7/dist-packages/control_msgs/msg/_PointHeadActionGoal.py)
Linked: (/home/caio/2_ROS/Doutorado_grasping/devel/.private/control_msgs/lib/python2.7/dist-packages/control_msgs/msg/_SingleJointPositionGoal.py, /home/caio/2_ROS/Doutorado_grasping/devel/lib/python2.7/dist-packages/control_msgs/msg/_SingleJointPositionGoal.py)
Linked: (/home/caio/2_ROS/Doutorado_grasping/devel/.private/control_msgs/lib/python2.7/dist-packages/control_msgs/msg/_PointHeadAction.py, /home/caio/2_ROS/Doutorado_grasping/devel/lib/python2.7/dist-packages/control_msgs/msg/_PointHeadAction.py)
Linked: (/home/caio/2_ROS/Doutorado_grasping/devel/.private/control_msgs/lib/python2.7/dist-packages/control_msgs/msg/_JointTrajectoryActionFeedback.py, /home/caio/2_ROS/Doutorado_grasping/devel/lib/python2.7/dist-packages/control_msgs/msg/_JointTrajectoryActionFeedback.py)
Linked: (/home/caio/2_ROS/Doutorado_grasping/devel/.private/control_msgs/lib/python2.7/dist-packages/control_msgs/msg/_SingleJointPositionActionGoal.py, /home/caio/2_ROS/Doutorado_grasping/devel/lib/python2.7/dist-packages/control_msgs/msg/_SingleJointPositionActionGoal.py)
Linked: (/home/caio/2_ROS/Doutorado_grasping/devel/.private/control_msgs/lib/python2.7/dist-packages/control_msgs/msg/_JointTrajectoryResult.py, /home/caio/2_ROS/Doutorado_grasping/devel/lib/python2.7/dist-packages/control_msgs/msg/_JointTrajectoryResult.py)
Linked: (/home/caio/2_ROS/Doutorado_grasping/devel/.private/control_msgs/lib/python2.7/dist-packages/control_msgs/msg/_JointTrajectoryActionGoal.py, /home/caio/2_ROS/Doutorado_grasping/devel/lib/python2.7/dist-packages/control_msgs/msg/_JointTrajectoryActionGoal.py)
Linked: (/home/caio/2_ROS/Doutorado_grasping/devel/.private/control_msgs/lib/python2.7/dist-packages/control_msgs/msg/_GripperCommandActionGoal.py, /home/caio/2_ROS/Doutorado_grasping/devel/lib/python2.7/dist-packages/control_msgs/msg/_GripperCommandActionGoal.py)
Linked: (/home/caio/2_ROS/Doutorado_grasping/devel/.private/control_msgs/lib/python2.7/dist-packages/control_msgs/msg/_JointControllerState.py, /home/caio/2_ROS/Doutorado_grasping/devel/lib/python2.7/dist-packages/control_msgs/msg/_JointControllerState.py)
Linked: (/home/caio/2_ROS/Doutorado_grasping/devel/.private/control_msgs/lib/python2.7/dist-packages/control_msgs/msg/_GripperCommandActionResult.py, /home/caio/2_ROS/Doutorado_grasping/devel/lib/python2.7/dist-packages/control_msgs/msg/_GripperCommandActionResult.py)
Linked: (/home/caio/2_ROS/Doutorado_grasping/devel/.private/control_msgs/lib/python2.7/dist-packages/control_msgs/msg/_SingleJointPositionFeedback.py, /home/caio/2_ROS/Doutorado_grasping/devel/lib/python2.7/dist-packages/control_msgs/msg/_SingleJointPositionFeedback.py)
Linked: (/home/caio/2_ROS/Doutorado_grasping/devel/.private/control_msgs/lib/python2.7/dist-packages/control_msgs/msg/__init__.py, /home/caio/2_ROS/Doutorado_grasping/devel/lib/python2.7/dist-packages/control_msgs/msg/__init__.py)
Linked: (/home/caio/2_ROS/Doutorado_grasping/devel/.private/control_msgs/lib/python2.7/dist-packages/control_msgs/msg/_SingleJointPositionResult.py, /home/caio/2_ROS/Doutorado_grasping/devel/lib/python2.7/dist-packages/control_msgs/msg/_SingleJointPositionResult.py)
Linked: (/home/caio/2_ROS/Doutorado_grasping/devel/.private/control_msgs/lib/python2.7/dist-packages/control_msgs/msg/_FollowJointTrajectoryAction.py, /home/caio/2_ROS/Doutorado_grasping/devel/lib/python2.7/dist-packages/control_msgs/msg/_FollowJointTrajectoryAction.py)
Linked: (/home/caio/2_ROS/Doutorado_grasping/devel/.private/control_msgs/lib/python2.7/dist-packages/control_msgs/msg/_PointHeadResult.py, /home/caio/2_ROS/Doutorado_grasping/devel/lib/python2.7/dist-packages/control_msgs/msg/_PointHeadResult.py)
Linked: (/home/caio/2_ROS/Doutorado_grasping/devel/.private/control_msgs/lib/python2.7/dist-packages/control_msgs/msg/_PointHeadActionResult.py, /home/caio/2_ROS/Doutorado_grasping/devel/lib/python2.7/dist-packages/control_msgs/msg/_PointHeadActionResult.py)
Linked: (/home/caio/2_ROS/Doutorado_grasping/devel/.private/control_msgs/lib/python2.7/dist-packages/control_msgs/msg/_JointTrajectoryAction.py, /home/caio/2_ROS/Doutorado_grasping/devel/lib/python2.7/dist-packages/control_msgs/msg/_JointTrajectoryAction.py)
Linked: (/home/caio/2_ROS/Doutorado_grasping/devel/.private/control_msgs/lib/python2.7/dist-packages/control_msgs/msg/_GripperCommand.py, /home/caio/2_ROS/Doutorado_grasping/devel/lib/python2.7/dist-packages/control_msgs/msg/_GripperCommand.py)
Linked: (/home/caio/2_ROS/Doutorado_grasping/devel/.private/control_msgs/lib/python2.7/dist-packages/control_msgs/msg/_FollowJointTrajectoryFeedback.py, /home/caio/2_ROS/Doutorado_grasping/devel/lib/python2.7/dist-packages/control_msgs/msg/_FollowJointTrajectoryFeedback.py)
Linked: (/home/caio/2_ROS/Doutorado_grasping/devel/.private/control_msgs/lib/python2.7/dist-packages/control_msgs/msg/_FollowJointTrajectoryResult.py, /home/caio/2_ROS/Doutorado_grasping/devel/lib/python2.7/dist-packages/control_msgs/msg/_FollowJointTrajectoryResult.py)
Linked: (/home/caio/2_ROS/Doutorado_grasping/devel/.private/control_msgs/lib/python2.7/dist-packages/control_msgs/msg/_GripperCommandFeedback.py, /home/caio/2_ROS/Doutorado_grasping/devel/lib/python2.7/dist-packages/control_msgs/msg/_GripperCommandFeedback.py)
Linked: (/home/caio/2_ROS/Doutorado_grasping/devel/.private/control_msgs/lib/python2.7/dist-packages/control_msgs/msg/_SingleJointPositionAction.py, /home/caio/2_ROS/Doutorado_grasping/devel/lib/python2.7/dist-packages/control_msgs/msg/_SingleJointPositionAction.py)
Linked: (/home/caio/2_ROS/Doutorado_grasping/devel/.private/control_msgs/lib/python2.7/dist-packages/control_msgs/msg/_PointHeadActionFeedback.py, /home/caio/2_ROS/Doutorado_grasping/devel/lib/python2.7/dist-packages/control_msgs/msg/_PointHeadActionFeedback.py)
Linked: (/home/caio/2_ROS/Doutorado_grasping/devel/.private/control_msgs/lib/python2.7/dist-packages/control_msgs/msg/_GripperCommandActionFeedback.py, /home/caio/2_ROS/Doutorado_grasping/devel/lib/python2.7/dist-packages/control_msgs/msg/_GripperCommandActionFeedback.py)
Linked: (/home/caio/2_ROS/Doutorado_grasping/devel/.private/control_msgs/lib/python2.7/dist-packages/control_msgs/msg/_FollowJointTrajectoryActionGoal.py, /home/caio/2_ROS/Doutorado_grasping/devel/lib/python2.7/dist-packages/control_msgs/msg/_FollowJointTrajectoryActionGoal.py)
Linked: (/home/caio/2_ROS/Doutorado_grasping/devel/.private/control_msgs/lib/python2.7/dist-packages/control_msgs/msg/_JointTrajectoryControllerState.py, /home/caio/2_ROS/Doutorado_grasping/devel/lib/python2.7/dist-packages/control_msgs/msg/_JointTrajectoryControllerState.py)
Linked: (/home/caio/2_ROS/Doutorado_grasping/devel/.private/control_msgs/lib/python2.7/dist-packages/control_msgs/msg/_PidState.py, /home/caio/2_ROS/Doutorado_grasping/devel/lib/python2.7/dist-packages/control_msgs/msg/_PidState.py)
Linked: (/home/caio/2_ROS/Doutorado_grasping/devel/.private/control_msgs/lib/python2.7/dist-packages/control_msgs/msg/_GripperCommandResult.py, /home/caio/2_ROS/Doutorado_grasping/devel/lib/python2.7/dist-packages/control_msgs/msg/_GripperCommandResult.py)
Linked: (/home/caio/2_ROS/Doutorado_grasping/devel/.private/control_msgs/lib/python2.7/dist-packages/control_msgs/msg/_JointTrajectoryActionResult.py, /home/caio/2_ROS/Doutorado_grasping/devel/lib/python2.7/dist-packages/control_msgs/msg/_JointTrajectoryActionResult.py)
Linked: (/home/caio/2_ROS/Doutorado_grasping/devel/.private/control_msgs/lib/python2.7/dist-packages/control_msgs/msg/_SingleJointPositionActionFeedback.py, /home/caio/2_ROS/Doutorado_grasping/devel/lib/python2.7/dist-packages/control_msgs/msg/_SingleJointPositionActionFeedback.py)
Linked: (/home/caio/2_ROS/Doutorado_grasping/devel/.private/control_msgs/lib/python2.7/dist-packages/control_msgs/msg/_GripperCommandGoal.py, /home/caio/2_ROS/Doutorado_grasping/devel/lib/python2.7/dist-packages/control_msgs/msg/_GripperCommandGoal.py)
Linked: (/home/caio/2_ROS/Doutorado_grasping/devel/.private/control_msgs/share/control_msgs/cmake/control_msgs-msg-paths.cmake, /home/caio/2_ROS/Doutorado_grasping/devel/share/control_msgs/cmake/control_msgs-msg-paths.cmake)
Linked: (/home/caio/2_ROS/Doutorado_grasping/devel/.private/control_msgs/share/control_msgs/cmake/control_msgs-msg-extras.cmake, /home/caio/2_ROS/Doutorado_grasping/devel/share/control_msgs/cmake/control_msgs-msg-extras.cmake)
Linked: (/home/caio/2_ROS/Doutorado_grasping/devel/.private/control_msgs/share/control_msgs/cmake/control_msgsConfig-version.cmake, /home/caio/2_ROS/Doutorado_grasping/devel/share/control_msgs/cmake/control_msgsConfig-version.cmake)
Linked: (/home/caio/2_ROS/Doutorado_grasping/devel/.private/control_msgs/share/control_msgs/cmake/control_msgsConfig.cmake, /home/caio/2_ROS/Doutorado_grasping/devel/share/control_msgs/cmake/control_msgsConfig.cmake)
Linked: (/home/caio/2_ROS/Doutorado_grasping/devel/.private/control_msgs/share/control_msgs/msg/SingleJointPositionActionFeedback.msg, /home/caio/2_ROS/Doutorado_grasping/devel/share/control_msgs/msg/SingleJointPositionActionFeedback.msg)
Linked: (/home/caio/2_ROS/Doutorado_grasping/devel/.private/control_msgs/share/control_msgs/msg/PointHeadActionResult.msg, /home/caio/2_ROS/Doutorado_grasping/devel/share/control_msgs/msg/PointHeadActionResult.msg)
Linked: (/home/caio/2_ROS/Doutorado_grasping/devel/.private/control_msgs/share/control_msgs/msg/PointHeadActionGoal.msg, /home/caio/2_ROS/Doutorado_grasping/devel/share/control_msgs/msg/PointHeadActionGoal.msg)
Linked: (/home/caio/2_ROS/Doutorado_grasping/devel/.private/control_msgs/share/control_msgs/msg/FollowJointTrajectoryGoal.msg, /home/caio/2_ROS/Doutorado_grasping/devel/share/control_msgs/msg/FollowJointTrajectoryGoal.msg)
Linked: (/home/caio/2_ROS/Doutorado_grasping/devel/.private/control_msgs/share/control_msgs/msg/PointHeadAction.msg, /home/caio/2_ROS/Doutorado_grasping/devel/share/control_msgs/msg/PointHeadAction.msg)
Linked: (/home/caio/2_ROS/Doutorado_grasping/devel/.private/control_msgs/share/control_msgs/msg/GripperCommandResult.msg, /home/caio/2_ROS/Doutorado_grasping/devel/share/control_msgs/msg/GripperCommandResult.msg)
Linked: (/home/caio/2_ROS/Doutorado_grasping/devel/.private/control_msgs/share/control_msgs/msg/FollowJointTrajectoryActionResult.msg, /home/caio/2_ROS/Doutorado_grasping/devel/share/control_msgs/msg/FollowJointTrajectoryActionResult.msg)
Linked: (/home/caio/2_ROS/Doutorado_grasping/devel/.private/control_msgs/share/control_msgs/msg/JointTrajectoryActionGoal.msg, /home/caio/2_ROS/Doutorado_grasping/devel/share/control_msgs/msg/JointTrajectoryActionGoal.msg)
Linked: (/home/caio/2_ROS/Doutorado_grasping/devel/.private/control_msgs/share/control_msgs/msg/SingleJointPositionActionResult.msg, /home/caio/2_ROS/Doutorado_grasping/devel/share/control_msgs/msg/SingleJointPositionActionResult.msg)
Linked: (/home/caio/2_ROS/Doutorado_grasping/devel/.private/control_msgs/share/control_msgs/msg/FollowJointTrajectoryFeedback.msg, /home/caio/2_ROS/Doutorado_grasping/devel/share/control_msgs/msg/FollowJointTrajectoryFeedback.msg)
Linked: (/home/caio/2_ROS/Doutorado_grasping/devel/.private/control_msgs/share/control_msgs/msg/FollowJointTrajectoryAction.msg, /home/caio/2_ROS/Doutorado_grasping/devel/share/control_msgs/msg/FollowJointTrajectoryAction.msg)
Linked: (/home/caio/2_ROS/Doutorado_grasping/devel/.private/control_msgs/share/control_msgs/msg/GripperCommandFeedback.msg, /home/caio/2_ROS/Doutorado_grasping/devel/share/control_msgs/msg/GripperCommandFeedback.msg)
Linked: (/home/caio/2_ROS/Doutorado_grasping/devel/.private/control_msgs/share/control_msgs/msg/GripperCommandActionFeedback.msg, /home/caio/2_ROS/Doutorado_grasping/devel/share/control_msgs/msg/GripperCommandActionFeedback.msg)
Linked: (/home/caio/2_ROS/Doutorado_grasping/devel/.private/control_msgs/share/control_msgs/msg/GripperCommandActionGoal.msg, /home/caio/2_ROS/Doutorado_grasping/devel/share/control_msgs/msg/GripperCommandActionGoal.msg)
Linked: (/home/caio/2_ROS/Doutorado_grasping/devel/.private/control_msgs/share/control_msgs/msg/GripperCommandGoal.msg, /home/caio/2_ROS/Doutorado_grasping/devel/share/control_msgs/msg/GripperCommandGoal.msg)
Linked: (/home/caio/2_ROS/Doutorado_grasping/devel/.private/control_msgs/share/control_msgs/msg/PointHeadResult.msg, /home/caio/2_ROS/Doutorado_grasping/devel/share/control_msgs/msg/PointHeadResult.msg)
Linked: (/home/caio/2_ROS/Doutorado_grasping/devel/.private/control_msgs/share/control_msgs/msg/PointHeadFeedback.msg, /home/caio/2_ROS/Doutorado_grasping/devel/share/control_msgs/msg/PointHeadFeedback.msg)
Linked: (/home/caio/2_ROS/Doutorado_grasping/devel/.private/control_msgs/share/control_msgs/msg/JointTrajectoryFeedback.msg, /home/caio/2_ROS/Doutorado_grasping/devel/share/control_msgs/msg/JointTrajectoryFeedback.msg)
Linked: (/home/caio/2_ROS/Doutorado_grasping/devel/.private/control_msgs/share/control_msgs/msg/SingleJointPositionResult.msg, /home/caio/2_ROS/Doutorado_grasping/devel/share/control_msgs/msg/SingleJointPositionResult.msg)
Linked: (/home/caio/2_ROS/Doutorado_grasping/devel/.private/control_msgs/share/control_msgs/msg/PointHeadActionFeedback.msg, /home/caio/2_ROS/Doutorado_grasping/devel/share/control_msgs/msg/PointHeadActionFeedback.msg)
Linked: (/home/caio/2_ROS/Doutorado_grasping/devel/.private/control_msgs/share/control_msgs/msg/JointTrajectoryActionResult.msg, /home/caio/2_ROS/Doutorado_grasping/devel/share/control_msgs/msg/JointTrajectoryActionResult.msg)
Linked: (/home/caio/2_ROS/Doutorado_grasping/devel/.private/control_msgs/share/control_msgs/msg/JointTrajectoryGoal.msg, /home/caio/2_ROS/Doutorado_grasping/devel/share/control_msgs/msg/JointTrajectoryGoal.msg)
Linked: (/home/caio/2_ROS/Doutorado_grasping/devel/.private/control_msgs/share/control_msgs/msg/GripperCommandActionResult.msg, /home/caio/2_ROS/Doutorado_grasping/devel/share/control_msgs/msg/GripperCommandActionResult.msg)
Linked: (/home/caio/2_ROS/Doutorado_grasping/devel/.private/control_msgs/share/control_msgs/msg/FollowJointTrajectoryActionFeedback.msg, /home/caio/2_ROS/Doutorado_grasping/devel/share/control_msgs/msg/FollowJointTrajectoryActionFeedback.msg)
Linked: (/home/caio/2_ROS/Doutorado_grasping/devel/.private/control_msgs/share/control_msgs/msg/JointTrajectoryActionFeedback.msg, /home/caio/2_ROS/Doutorado_grasping/devel/share/control_msgs/msg/JointTrajectoryActionFeedback.msg)
Linked: (/home/caio/2_ROS/Doutorado_grasping/devel/.private/control_msgs/share/control_msgs/msg/PointHeadGoal.msg, /home/caio/2_ROS/Doutorado_grasping/devel/share/control_msgs/msg/PointHeadGoal.msg)
Linked: (/home/caio/2_ROS/Doutorado_grasping/devel/.private/control_msgs/share/control_msgs/msg/GripperCommandAction.msg, /home/caio/2_ROS/Doutorado_grasping/devel/share/control_msgs/msg/GripperCommandAction.msg)
Linked: (/home/caio/2_ROS/Doutorado_grasping/devel/.private/control_msgs/share/control_msgs/msg/FollowJointTrajectoryActionGoal.msg, /home/caio/2_ROS/Doutorado_grasping/devel/share/control_msgs/msg/FollowJointTrajectoryActionGoal.msg)
Linked: (/home/caio/2_ROS/Doutorado_grasping/devel/.private/control_msgs/share/control_msgs/msg/SingleJointPositionActionGoal.msg, /home/caio/2_ROS/Doutorado_grasping/devel/share/control_msgs/msg/SingleJointPositionActionGoal.msg)
Linked: (/home/caio/2_ROS/Doutorado_grasping/devel/.private/control_msgs/share/control_msgs/msg/SingleJointPositionGoal.msg, /home/caio/2_ROS/Doutorado_grasping/devel/share/control_msgs/msg/SingleJointPositionGoal.msg)
Linked: (/home/caio/2_ROS/Doutorado_grasping/devel/.private/control_msgs/share/control_msgs/msg/SingleJointPositionFeedback.msg, /home/caio/2_ROS/Doutorado_grasping/devel/share/control_msgs/msg/SingleJointPositionFeedback.msg)
Linked: (/home/caio/2_ROS/Doutorado_grasping/devel/.private/control_msgs/share/control_msgs/msg/JointTrajectoryResult.msg, /home/caio/2_ROS/Doutorado_grasping/devel/share/control_msgs/msg/JointTrajectoryResult.msg)
Linked: (/home/caio/2_ROS/Doutorado_grasping/devel/.private/control_msgs/share/control_msgs/msg/FollowJointTrajectoryResult.msg, /home/caio/2_ROS/Doutorado_grasping/devel/share/control_msgs/msg/FollowJointTrajectoryResult.msg)
Linked: (/home/caio/2_ROS/Doutorado_grasping/devel/.private/control_msgs/share/control_msgs/msg/JointTrajectoryAction.msg, /home/caio/2_ROS/Doutorado_grasping/devel/share/control_msgs/msg/JointTrajectoryAction.msg)
Linked: (/home/caio/2_ROS/Doutorado_grasping/devel/.private/control_msgs/share/control_msgs/msg/SingleJointPositionAction.msg, /home/caio/2_ROS/Doutorado_grasping/devel/share/control_msgs/msg/SingleJointPositionAction.msg)
Linked: (/home/caio/2_ROS/Doutorado_grasping/devel/.private/control_msgs/share/gennodejs/ros/control_msgs/_index.js, /home/caio/2_ROS/Doutorado_grasping/devel/share/gennodejs/ros/control_msgs/_index.js)
Linked: (/home/caio/2_ROS/Doutorado_grasping/devel/.private/control_msgs/share/gennodejs/ros/control_msgs/srv/QueryCalibrationState.js, /home/caio/2_ROS/Doutorado_grasping/devel/share/gennodejs/ros/control_msgs/srv/QueryCalibrationState.js)
Linked: (/home/caio/2_ROS/Doutorado_grasping/devel/.private/control_msgs/share/gennodejs/ros/control_msgs/srv/QueryTrajectoryState.js, /home/caio/2_ROS/Doutorado_grasping/devel/share/gennodejs/ros/control_msgs/srv/QueryTrajectoryState.js)
Linked: (/home/caio/2_ROS/Doutorado_grasping/devel/.private/control_msgs/share/gennodejs/ros/control_msgs/srv/_index.js, /home/caio/2_ROS/Doutorado_grasping/devel/share/gennodejs/ros/control_msgs/srv/_index.js)
Linked: (/home/caio/2_ROS/Doutorado_grasping/devel/.private/control_msgs/share/gennodejs/ros/control_msgs/msg/GripperCommand.js, /home/caio/2_ROS/Doutorado_grasping/devel/share/gennodejs/ros/control_msgs/msg/GripperCommand.js)
Linked: (/home/caio/2_ROS/Doutorado_grasping/devel/.private/control_msgs/share/gennodejs/ros/control_msgs/msg/FollowJointTrajectoryActionGoal.js, /home/caio/2_ROS/Doutorado_grasping/devel/share/gennodejs/ros/control_msgs/msg/FollowJointTrajectoryActionGoal.js)
Linked: (/home/caio/2_ROS/Doutorado_grasping/devel/.private/control_msgs/share/gennodejs/ros/control_msgs/msg/SingleJointPositionFeedback.js, /home/caio/2_ROS/Doutorado_grasping/devel/share/gennodejs/ros/control_msgs/msg/SingleJointPositionFeedback.js)
Linked: (/home/caio/2_ROS/Doutorado_grasping/devel/.private/control_msgs/share/gennodejs/ros/control_msgs/msg/JointTrajectoryResult.js, /home/caio/2_ROS/Doutorado_grasping/devel/share/gennodejs/ros/control_msgs/msg/JointTrajectoryResult.js)
Linked: (/home/caio/2_ROS/Doutorado_grasping/devel/.private/control_msgs/share/gennodejs/ros/control_msgs/msg/PidState.js, /home/caio/2_ROS/Doutorado_grasping/devel/share/gennodejs/ros/control_msgs/msg/PidState.js)
Linked: (/home/caio/2_ROS/Doutorado_grasping/devel/.private/control_msgs/share/gennodejs/ros/control_msgs/msg/PointHeadGoal.js, /home/caio/2_ROS/Doutorado_grasping/devel/share/gennodejs/ros/control_msgs/msg/PointHeadGoal.js)
Linked: (/home/caio/2_ROS/Doutorado_grasping/devel/.private/control_msgs/share/gennodejs/ros/control_msgs/msg/SingleJointPositionResult.js, /home/caio/2_ROS/Doutorado_grasping/devel/share/gennodejs/ros/control_msgs/msg/SingleJointPositionResult.js)
Linked: (/home/caio/2_ROS/Doutorado_grasping/devel/.private/control_msgs/share/gennodejs/ros/control_msgs/msg/FollowJointTrajectoryActionResult.js, /home/caio/2_ROS/Doutorado_grasping/devel/share/gennodejs/ros/control_msgs/msg/FollowJointTrajectoryActionResult.js)
Linked: (/home/caio/2_ROS/Doutorado_grasping/devel/.private/control_msgs/share/gennodejs/ros/control_msgs/msg/GripperCommandActionGoal.js, /home/caio/2_ROS/Doutorado_grasping/devel/share/gennodejs/ros/control_msgs/msg/GripperCommandActionGoal.js)
Linked: (/home/caio/2_ROS/Doutorado_grasping/devel/.private/control_msgs/share/gennodejs/ros/control_msgs/msg/PointHeadAction.js, /home/caio/2_ROS/Doutorado_grasping/devel/share/gennodejs/ros/control_msgs/msg/PointHeadAction.js)
Linked: (/home/caio/2_ROS/Doutorado_grasping/devel/.private/control_msgs/share/gennodejs/ros/control_msgs/msg/JointTrajectoryFeedback.js, /home/caio/2_ROS/Doutorado_grasping/devel/share/gennodejs/ros/control_msgs/msg/JointTrajectoryFeedback.js)
Linked: (/home/caio/2_ROS/Doutorado_grasping/devel/.private/control_msgs/share/gennodejs/ros/control_msgs/msg/SingleJointPositionActionGoal.js, /home/caio/2_ROS/Doutorado_grasping/devel/share/gennodejs/ros/control_msgs/msg/SingleJointPositionActionGoal.js)
Linked: (/home/caio/2_ROS/Doutorado_grasping/devel/.private/control_msgs/share/gennodejs/ros/control_msgs/msg/FollowJointTrajectoryAction.js, /home/caio/2_ROS/Doutorado_grasping/devel/share/gennodejs/ros/control_msgs/msg/FollowJointTrajectoryAction.js)
Linked: (/home/caio/2_ROS/Doutorado_grasping/devel/.private/control_msgs/share/gennodejs/ros/control_msgs/msg/GripperCommandActionResult.js, /home/caio/2_ROS/Doutorado_grasping/devel/share/gennodejs/ros/control_msgs/msg/GripperCommandActionResult.js)
Linked: (/home/caio/2_ROS/Doutorado_grasping/devel/.private/control_msgs/share/gennodejs/ros/control_msgs/msg/PointHeadFeedback.js, /home/caio/2_ROS/Doutorado_grasping/devel/share/gennodejs/ros/control_msgs/msg/PointHeadFeedback.js)
Linked: (/home/caio/2_ROS/Doutorado_grasping/devel/.private/control_msgs/share/gennodejs/ros/control_msgs/msg/PointHeadActionGoal.js, /home/caio/2_ROS/Doutorado_grasping/devel/share/gennodejs/ros/control_msgs/msg/PointHeadActionGoal.js)
Linked: (/home/caio/2_ROS/Doutorado_grasping/devel/.private/control_msgs/share/gennodejs/ros/control_msgs/msg/SingleJointPositionAction.js, /home/caio/2_ROS/Doutorado_grasping/devel/share/gennodejs/ros/control_msgs/msg/SingleJointPositionAction.js)
Linked: (/home/caio/2_ROS/Doutorado_grasping/devel/.private/control_msgs/share/gennodejs/ros/control_msgs/msg/PointHeadActionFeedback.js, /home/caio/2_ROS/Doutorado_grasping/devel/share/gennodejs/ros/control_msgs/msg/PointHeadActionFeedback.js)
Linked: (/home/caio/2_ROS/Doutorado_grasping/devel/.private/control_msgs/share/gennodejs/ros/control_msgs/msg/JointTrajectoryGoal.js, /home/caio/2_ROS/Doutorado_grasping/devel/share/gennodejs/ros/control_msgs/msg/JointTrajectoryGoal.js)
Linked: (/home/caio/2_ROS/Doutorado_grasping/devel/.private/control_msgs/share/gennodejs/ros/control_msgs/msg/SingleJointPositionActionFeedback.js, /home/caio/2_ROS/Doutorado_grasping/devel/share/gennodejs/ros/control_msgs/msg/SingleJointPositionActionFeedback.js)
Linked: (/home/caio/2_ROS/Doutorado_grasping/devel/.private/control_msgs/share/gennodejs/ros/control_msgs/msg/JointTrajectoryAction.js, /home/caio/2_ROS/Doutorado_grasping/devel/share/gennodejs/ros/control_msgs/msg/JointTrajectoryAction.js)
Linked: (/home/caio/2_ROS/Doutorado_grasping/devel/.private/control_msgs/share/gennodejs/ros/control_msgs/msg/JointControllerState.js, /home/caio/2_ROS/Doutorado_grasping/devel/share/gennodejs/ros/control_msgs/msg/JointControllerState.js)
Linked: (/home/caio/2_ROS/Doutorado_grasping/devel/.private/control_msgs/share/gennodejs/ros/control_msgs/msg/GripperCommandFeedback.js, /home/caio/2_ROS/Doutorado_grasping/devel/share/gennodejs/ros/control_msgs/msg/GripperCommandFeedback.js)
Linked: (/home/caio/2_ROS/Doutorado_grasping/devel/.private/control_msgs/share/gennodejs/ros/control_msgs/msg/JointTrajectoryActionGoal.js, /home/caio/2_ROS/Doutorado_grasping/devel/share/gennodejs/ros/control_msgs/msg/JointTrajectoryActionGoal.js)
Linked: (/home/caio/2_ROS/Doutorado_grasping/devel/.private/control_msgs/share/gennodejs/ros/control_msgs/msg/_index.js, /home/caio/2_ROS/Doutorado_grasping/devel/share/gennodejs/ros/control_msgs/msg/_index.js)
Linked: (/home/caio/2_ROS/Doutorado_grasping/devel/.private/control_msgs/share/gennodejs/ros/control_msgs/msg/JointTrajectoryControllerState.js, /home/caio/2_ROS/Doutorado_grasping/devel/share/gennodejs/ros/control_msgs/msg/JointTrajectoryControllerState.js)
Linked: (/home/caio/2_ROS/Doutorado_grasping/devel/.private/control_msgs/share/gennodejs/ros/control_msgs/msg/JointTolerance.js, /home/caio/2_ROS/Doutorado_grasping/devel/share/gennodejs/ros/control_msgs/msg/JointTolerance.js)
Linked: (/home/caio/2_ROS/Doutorado_grasping/devel/.private/control_msgs/share/gennodejs/ros/control_msgs/msg/GripperCommandActionFeedback.js, /home/caio/2_ROS/Doutorado_grasping/devel/share/gennodejs/ros/control_msgs/msg/GripperCommandActionFeedback.js)
Linked: (/home/caio/2_ROS/Doutorado_grasping/devel/.private/control_msgs/share/gennodejs/ros/control_msgs/msg/GripperCommandGoal.js, /home/caio/2_ROS/Doutorado_grasping/devel/share/gennodejs/ros/control_msgs/msg/GripperCommandGoal.js)
Linked: (/home/caio/2_ROS/Doutorado_grasping/devel/.private/control_msgs/share/gennodejs/ros/control_msgs/msg/PointHeadActionResult.js, /home/caio/2_ROS/Doutorado_grasping/devel/share/gennodejs/ros/control_msgs/msg/PointHeadActionResult.js)
Linked: (/home/caio/2_ROS/Doutorado_grasping/devel/.private/control_msgs/share/gennodejs/ros/control_msgs/msg/FollowJointTrajectoryActionFeedback.js, /home/caio/2_ROS/Doutorado_grasping/devel/share/gennodejs/ros/control_msgs/msg/FollowJointTrajectoryActionFeedback.js)
Linked: (/home/caio/2_ROS/Doutorado_grasping/devel/.private/control_msgs/share/gennodejs/ros/control_msgs/msg/JointJog.js, /home/caio/2_ROS/Doutorado_grasping/devel/share/gennodejs/ros/control_msgs/msg/JointJog.js)
Linked: (/home/caio/2_ROS/Doutorado_grasping/devel/.private/control_msgs/share/gennodejs/ros/control_msgs/msg/PointHeadResult.js, /home/caio/2_ROS/Doutorado_grasping/devel/share/gennodejs/ros/control_msgs/msg/PointHeadResult.js)
Linked: (/home/caio/2_ROS/Doutorado_grasping/devel/.private/control_msgs/share/gennodejs/ros/control_msgs/msg/GripperCommandAction.js, /home/caio/2_ROS/Doutorado_grasping/devel/share/gennodejs/ros/control_msgs/msg/GripperCommandAction.js)
Linked: (/home/caio/2_ROS/Doutorado_grasping/devel/.private/control_msgs/share/gennodejs/ros/control_msgs/msg/GripperCommandResult.js, /home/caio/2_ROS/Doutorado_grasping/devel/share/gennodejs/ros/control_msgs/msg/GripperCommandResult.js)
Linked: (/home/caio/2_ROS/Doutorado_grasping/devel/.private/control_msgs/share/gennodejs/ros/control_msgs/msg/JointTrajectoryActionResult.js, /home/caio/2_ROS/Doutorado_grasping/devel/share/gennodejs/ros/control_msgs/msg/JointTrajectoryActionResult.js)
Linked: (/home/caio/2_ROS/Doutorado_grasping/devel/.private/control_msgs/share/gennodejs/ros/control_msgs/msg/FollowJointTrajectoryGoal.js, /home/caio/2_ROS/Doutorado_grasping/devel/share/gennodejs/ros/control_msgs/msg/FollowJointTrajectoryGoal.js)
Linked: (/home/caio/2_ROS/Doutorado_grasping/devel/.private/control_msgs/share/gennodejs/ros/control_msgs/msg/SingleJointPositionGoal.js, /home/caio/2_ROS/Doutorado_grasping/devel/share/gennodejs/ros/control_msgs/msg/SingleJointPositionGoal.js)
Linked: (/home/caio/2_ROS/Doutorado_grasping/devel/.private/control_msgs/share/gennodejs/ros/control_msgs/msg/FollowJointTrajectoryFeedback.js, /home/caio/2_ROS/Doutorado_grasping/devel/share/gennodejs/ros/control_msgs/msg/FollowJointTrajectoryFeedback.js)
Linked: (/home/caio/2_ROS/Doutorado_grasping/devel/.private/control_msgs/share/gennodejs/ros/control_msgs/msg/JointTrajectoryActionFeedback.js, /home/caio/2_ROS/Doutorado_grasping/devel/share/gennodejs/ros/control_msgs/msg/JointTrajectoryActionFeedback.js)
Linked: (/home/caio/2_ROS/Doutorado_grasping/devel/.private/control_msgs/share/gennodejs/ros/control_msgs/msg/SingleJointPositionActionResult.js, /home/caio/2_ROS/Doutorado_grasping/devel/share/gennodejs/ros/control_msgs/msg/SingleJointPositionActionResult.js)
Linked: (/home/caio/2_ROS/Doutorado_grasping/devel/.private/control_msgs/share/gennodejs/ros/control_msgs/msg/FollowJointTrajectoryResult.js, /home/caio/2_ROS/Doutorado_grasping/devel/share/gennodejs/ros/control_msgs/msg/FollowJointTrajectoryResult.js)
Linked: (/home/caio/2_ROS/Doutorado_grasping/devel/.private/control_msgs/share/common-lisp/ros/control_msgs/srv/_package.lisp, /home/caio/2_ROS/Doutorado_grasping/devel/share/common-lisp/ros/control_msgs/srv/_package.lisp)
Linked: (/home/caio/2_ROS/Doutorado_grasping/devel/.private/control_msgs/share/common-lisp/ros/control_msgs/srv/QueryTrajectoryState.lisp, /home/caio/2_ROS/Doutorado_grasping/devel/share/common-lisp/ros/control_msgs/srv/QueryTrajectoryState.lisp)
Linked: (/home/caio/2_ROS/Doutorado_grasping/devel/.private/control_msgs/share/common-lisp/ros/control_msgs/srv/QueryCalibrationState.lisp, /home/caio/2_ROS/Doutorado_grasping/devel/share/common-lisp/ros/control_msgs/srv/QueryCalibrationState.lisp)
Linked: (/home/caio/2_ROS/Doutorado_grasping/devel/.private/control_msgs/share/common-lisp/ros/control_msgs/srv/control_msgs-srv.asd, /home/caio/2_ROS/Doutorado_grasping/devel/share/common-lisp/ros/control_msgs/srv/control_msgs-srv.asd)
Linked: (/home/caio/2_ROS/Doutorado_grasping/devel/.private/control_msgs/share/common-lisp/ros/control_msgs/srv/_package_QueryCalibrationState.lisp, /home/caio/2_ROS/Doutorado_grasping/devel/share/common-lisp/ros/control_msgs/srv/_package_QueryCalibrationState.lisp)
Linked: (/home/caio/2_ROS/Doutorado_grasping/devel/.private/control_msgs/share/common-lisp/ros/control_msgs/srv/_package_QueryTrajectoryState.lisp, /home/caio/2_ROS/Doutorado_grasping/devel/share/common-lisp/ros/control_msgs/srv/_package_QueryTrajectoryState.lisp)
Linked: (/home/caio/2_ROS/Doutorado_grasping/devel/.private/control_msgs/share/common-lisp/ros/control_msgs/msg/_package_PointHeadFeedback.lisp, /home/caio/2_ROS/Doutorado_grasping/devel/share/common-lisp/ros/control_msgs/msg/_package_PointHeadFeedback.lisp)
Linked: (/home/caio/2_ROS/Doutorado_grasping/devel/.private/control_msgs/share/common-lisp/ros/control_msgs/msg/_package_JointTrajectoryFeedback.lisp, /home/caio/2_ROS/Doutorado_grasping/devel/share/common-lisp/ros/control_msgs/msg/_package_JointTrajectoryFeedback.lisp)
Linked: (/home/caio/2_ROS/Doutorado_grasping/devel/.private/control_msgs/share/common-lisp/ros/control_msgs/msg/_package_GripperCommandGoal.lisp, /home/caio/2_ROS/Doutorado_grasping/devel/share/common-lisp/ros/control_msgs/msg/_package_GripperCommandGoal.lisp)
Linked: (/home/caio/2_ROS/Doutorado_grasping/devel/.private/control_msgs/share/common-lisp/ros/control_msgs/msg/GripperCommandActionFeedback.lisp, /home/caio/2_ROS/Doutorado_grasping/devel/share/common-lisp/ros/control_msgs/msg/GripperCommandActionFeedback.lisp)
Linked: (/home/caio/2_ROS/Doutorado_grasping/devel/.private/control_msgs/share/common-lisp/ros/control_msgs/msg/_package_JointTolerance.lisp, /home/caio/2_ROS/Doutorado_grasping/devel/share/common-lisp/ros/control_msgs/msg/_package_JointTolerance.lisp)
Linked: (/home/caio/2_ROS/Doutorado_grasping/devel/.private/control_msgs/share/common-lisp/ros/control_msgs/msg/JointTrajectoryAction.lisp, /home/caio/2_ROS/Doutorado_grasping/devel/share/common-lisp/ros/control_msgs/msg/JointTrajectoryAction.lisp)
Linked: (/home/caio/2_ROS/Doutorado_grasping/devel/.private/control_msgs/share/common-lisp/ros/control_msgs/msg/_package_JointTrajectoryAction.lisp, /home/caio/2_ROS/Doutorado_grasping/devel/share/common-lisp/ros/control_msgs/msg/_package_JointTrajectoryAction.lisp)
Linked: (/home/caio/2_ROS/Doutorado_grasping/devel/.private/control_msgs/share/common-lisp/ros/control_msgs/msg/JointTolerance.lisp, /home/caio/2_ROS/Doutorado_grasping/devel/share/common-lisp/ros/control_msgs/msg/JointTolerance.lisp)
Linked: (/home/caio/2_ROS/Doutorado_grasping/devel/.private/control_msgs/share/common-lisp/ros/control_msgs/msg/_package_FollowJointTrajectoryActionGoal.lisp, /home/caio/2_ROS/Doutorado_grasping/devel/share/common-lisp/ros/control_msgs/msg/_package_FollowJointTrajectoryActionGoal.lisp)
Linked: (/home/caio/2_ROS/Doutorado_grasping/devel/.private/control_msgs/share/common-lisp/ros/control_msgs/msg/_package_PointHeadActionGoal.lisp, /home/caio/2_ROS/Doutorado_grasping/devel/share/common-lisp/ros/control_msgs/msg/_package_PointHeadActionGoal.lisp)
Linked: (/home/caio/2_ROS/Doutorado_grasping/devel/.private/control_msgs/share/common-lisp/ros/control_msgs/msg/PointHeadActionGoal.lisp, /home/caio/2_ROS/Doutorado_grasping/devel/share/common-lisp/ros/control_msgs/msg/PointHeadActionGoal.lisp)
Linked: (/home/caio/2_ROS/Doutorado_grasping/devel/.private/control_msgs/share/common-lisp/ros/control_msgs/msg/_package_JointTrajectoryActionGoal.lisp, /home/caio/2_ROS/Doutorado_grasping/devel/share/common-lisp/ros/control_msgs/msg/_package_JointTrajectoryActionGoal.lisp)
Linked: (/home/caio/2_ROS/Doutorado_grasping/devel/.private/control_msgs/share/common-lisp/ros/control_msgs/msg/_package_GripperCommandResult.lisp, /home/caio/2_ROS/Doutorado_grasping/devel/share/common-lisp/ros/control_msgs/msg/_package_GripperCommandResult.lisp)
Linked: (/home/caio/2_ROS/Doutorado_grasping/devel/.private/control_msgs/share/common-lisp/ros/control_msgs/msg/_package_FollowJointTrajectoryResult.lisp, /home/caio/2_ROS/Doutorado_grasping/devel/share/common-lisp/ros/control_msgs/msg/_package_FollowJointTrajectoryResult.lisp)
Linked: (/home/caio/2_ROS/Doutorado_grasping/devel/.private/control_msgs/share/common-lisp/ros/control_msgs/msg/GripperCommandActionResult.lisp, /home/caio/2_ROS/Doutorado_grasping/devel/share/common-lisp/ros/control_msgs/msg/GripperCommandActionResult.lisp)
Linked: (/home/caio/2_ROS/Doutorado_grasping/devel/.private/control_msgs/share/common-lisp/ros/control_msgs/msg/_package_PointHeadGoal.lisp, /home/caio/2_ROS/Doutorado_grasping/devel/share/common-lisp/ros/control_msgs/msg/_package_PointHeadGoal.lisp)
Linked: (/home/caio/2_ROS/Doutorado_grasping/devel/.private/control_msgs/share/common-lisp/ros/control_msgs/msg/_package_JointControllerState.lisp, /home/caio/2_ROS/Doutorado_grasping/devel/share/common-lisp/ros/control_msgs/msg/_package_JointControllerState.lisp)
Linked: (/home/caio/2_ROS/Doutorado_grasping/devel/.private/control_msgs/share/common-lisp/ros/control_msgs/msg/FollowJointTrajectoryResult.lisp, /home/caio/2_ROS/Doutorado_grasping/devel/share/common-lisp/ros/control_msgs/msg/FollowJointTrajectoryResult.lisp)
Linked: (/home/caio/2_ROS/Doutorado_grasping/devel/.private/control_msgs/share/common-lisp/ros/control_msgs/msg/_package_PointHeadActionResult.lisp, /home/caio/2_ROS/Doutorado_grasping/devel/share/common-lisp/ros/control_msgs/msg/_package_PointHeadActionResult.lisp)
Linked: (/home/caio/2_ROS/Doutorado_grasping/devel/.private/control_msgs/share/common-lisp/ros/control_msgs/msg/_package_FollowJointTrajectoryActionFeedback.lisp, /home/caio/2_ROS/Doutorado_grasping/devel/share/common-lisp/ros/control_msgs/msg/_package_FollowJointTrajectoryActionFeedback.lisp)
Linked: (/home/caio/2_ROS/Doutorado_grasping/devel/.private/control_msgs/share/common-lisp/ros/control_msgs/msg/SingleJointPositionActionResult.lisp, /home/caio/2_ROS/Doutorado_grasping/devel/share/common-lisp/ros/control_msgs/msg/SingleJointPositionActionResult.lisp)
Linked: (/home/caio/2_ROS/Doutorado_grasping/devel/.private/control_msgs/share/common-lisp/ros/control_msgs/msg/_package.lisp, /home/caio/2_ROS/Doutorado_grasping/devel/share/common-lisp/ros/control_msgs/msg/_package.lisp)
Linked: (/home/caio/2_ROS/Doutorado_grasping/devel/.private/control_msgs/share/common-lisp/ros/control_msgs/msg/PointHeadFeedback.lisp, /home/caio/2_ROS/Doutorado_grasping/devel/share/common-lisp/ros/control_msgs/msg/PointHeadFeedback.lisp)
Linked: (/home/caio/2_ROS/Doutorado_grasping/devel/.private/control_msgs/share/common-lisp/ros/control_msgs/msg/_package_FollowJointTrajectoryAction.lisp, /home/caio/2_ROS/Doutorado_grasping/devel/share/common-lisp/ros/control_msgs/msg/_package_FollowJointTrajectoryAction.lisp)
Linked: (/home/caio/2_ROS/Doutorado_grasping/devel/.private/control_msgs/share/common-lisp/ros/control_msgs/msg/_package_PointHeadResult.lisp, /home/caio/2_ROS/Doutorado_grasping/devel/share/common-lisp/ros/control_msgs/msg/_package_PointHeadResult.lisp)
Linked: (/home/caio/2_ROS/Doutorado_grasping/devel/.private/control_msgs/share/common-lisp/ros/control_msgs/msg/_package_JointTrajectoryResult.lisp, /home/caio/2_ROS/Doutorado_grasping/devel/share/common-lisp/ros/control_msgs/msg/_package_JointTrajectoryResult.lisp)
Linked: (/home/caio/2_ROS/Doutorado_grasping/devel/.private/control_msgs/share/common-lisp/ros/control_msgs/msg/FollowJointTrajectoryGoal.lisp, /home/caio/2_ROS/Doutorado_grasping/devel/share/common-lisp/ros/control_msgs/msg/FollowJointTrajectoryGoal.lisp)
Linked: (/home/caio/2_ROS/Doutorado_grasping/devel/.private/control_msgs/share/common-lisp/ros/control_msgs/msg/FollowJointTrajectoryActionResult.lisp, /home/caio/2_ROS/Doutorado_grasping/devel/share/common-lisp/ros/control_msgs/msg/FollowJointTrajectoryActionResult.lisp)
Linked: (/home/caio/2_ROS/Doutorado_grasping/devel/.private/control_msgs/share/common-lisp/ros/control_msgs/msg/JointTrajectoryResult.lisp, /home/caio/2_ROS/Doutorado_grasping/devel/share/common-lisp/ros/control_msgs/msg/JointTrajectoryResult.lisp)
Linked: (/home/caio/2_ROS/Doutorado_grasping/devel/.private/control_msgs/share/common-lisp/ros/control_msgs/msg/control_msgs-msg.asd, /home/caio/2_ROS/Doutorado_grasping/devel/share/common-lisp/ros/control_msgs/msg/control_msgs-msg.asd)
Linked: (/home/caio/2_ROS/Doutorado_grasping/devel/.private/control_msgs/share/common-lisp/ros/control_msgs/msg/FollowJointTrajectoryActionFeedback.lisp, /home/caio/2_ROS/Doutorado_grasping/devel/share/common-lisp/ros/control_msgs/msg/FollowJointTrajectoryActionFeedback.lisp)
Linked: (/home/caio/2_ROS/Doutorado_grasping/devel/.private/control_msgs/share/common-lisp/ros/control_msgs/msg/_package_JointTrajectoryGoal.lisp, /home/caio/2_ROS/Doutorado_grasping/devel/share/common-lisp/ros/control_msgs/msg/_package_JointTrajectoryGoal.lisp)
Linked: (/home/caio/2_ROS/Doutorado_grasping/devel/.private/control_msgs/share/common-lisp/ros/control_msgs/msg/SingleJointPositionResult.lisp, /home/caio/2_ROS/Doutorado_grasping/devel/share/common-lisp/ros/control_msgs/msg/SingleJointPositionResult.lisp)
Linked: (/home/caio/2_ROS/Doutorado_grasping/devel/.private/control_msgs/share/common-lisp/ros/control_msgs/msg/_package_JointTrajectoryActionResult.lisp, /home/caio/2_ROS/Doutorado_grasping/devel/share/common-lisp/ros/control_msgs/msg/_package_JointTrajectoryActionResult.lisp)
Linked: (/home/caio/2_ROS/Doutorado_grasping/devel/.private/control_msgs/share/common-lisp/ros/control_msgs/msg/FollowJointTrajectoryAction.lisp, /home/caio/2_ROS/Doutorado_grasping/devel/share/common-lisp/ros/control_msgs/msg/FollowJointTrajectoryAction.lisp)
Linked: (/home/caio/2_ROS/Doutorado_grasping/devel/.private/control_msgs/share/common-lisp/ros/control_msgs/msg/_package_SingleJointPositionGoal.lisp, /home/caio/2_ROS/Doutorado_grasping/devel/share/common-lisp/ros/control_msgs/msg/_package_SingleJointPositionGoal.lisp)
Linked: (/home/caio/2_ROS/Doutorado_grasping/devel/.private/control_msgs/share/common-lisp/ros/control_msgs/msg/GripperCommandGoal.lisp, /home/caio/2_ROS/Doutorado_grasping/devel/share/common-lisp/ros/control_msgs/msg/GripperCommandGoal.lisp)
Linked: (/home/caio/2_ROS/Doutorado_grasping/devel/.private/control_msgs/share/common-lisp/ros/control_msgs/msg/SingleJointPositionGoal.lisp, /home/caio/2_ROS/Doutorado_grasping/devel/share/common-lisp/ros/control_msgs/msg/SingleJointPositionGoal.lisp)
Linked: (/home/caio/2_ROS/Doutorado_grasping/devel/.private/control_msgs/share/common-lisp/ros/control_msgs/msg/_package_PointHeadActionFeedback.lisp, /home/caio/2_ROS/Doutorado_grasping/devel/share/common-lisp/ros/control_msgs/msg/_package_PointHeadActionFeedback.lisp)
Linked: (/home/caio/2_ROS/Doutorado_grasping/devel/.private/control_msgs/share/common-lisp/ros/control_msgs/msg/_package_SingleJointPositionAction.lisp, /home/caio/2_ROS/Doutorado_grasping/devel/share/common-lisp/ros/control_msgs/msg/_package_SingleJointPositionAction.lisp)
Linked: (/home/caio/2_ROS/Doutorado_grasping/devel/.private/control_msgs/share/common-lisp/ros/control_msgs/msg/_package_FollowJointTrajectoryFeedback.lisp, /home/caio/2_ROS/Doutorado_grasping/devel/share/common-lisp/ros/control_msgs/msg/_package_FollowJointTrajectoryFeedback.lisp)
Linked: (/home/caio/2_ROS/Doutorado_grasping/devel/.private/control_msgs/share/common-lisp/ros/control_msgs/msg/_package_SingleJointPositionActionGoal.lisp, /home/caio/2_ROS/Doutorado_grasping/devel/share/common-lisp/ros/control_msgs/msg/_package_SingleJointPositionActionGoal.lisp)
Linked: (/home/caio/2_ROS/Doutorado_grasping/devel/.private/control_msgs/share/common-lisp/ros/control_msgs/msg/PointHeadGoal.lisp, /home/caio/2_ROS/Doutorado_grasping/devel/share/common-lisp/ros/control_msgs/msg/PointHeadGoal.lisp)
Linked: (/home/caio/2_ROS/Doutorado_grasping/devel/.private/control_msgs/share/common-lisp/ros/control_msgs/msg/_package_GripperCommand.lisp, /home/caio/2_ROS/Doutorado_grasping/devel/share/common-lisp/ros/control_msgs/msg/_package_GripperCommand.lisp)
Linked: (/home/caio/2_ROS/Doutorado_grasping/devel/.private/control_msgs/share/common-lisp/ros/control_msgs/msg/SingleJointPositionAction.lisp, /home/caio/2_ROS/Doutorado_grasping/devel/share/common-lisp/ros/control_msgs/msg/SingleJointPositionAction.lisp)
Linked: (/home/caio/2_ROS/Doutorado_grasping/devel/.private/control_msgs/share/common-lisp/ros/control_msgs/msg/_package_GripperCommandActionFeedback.lisp, /home/caio/2_ROS/Doutorado_grasping/devel/share/common-lisp/ros/control_msgs/msg/_package_GripperCommandActionFeedback.lisp)
Linked: (/home/caio/2_ROS/Doutorado_grasping/devel/.private/control_msgs/share/common-lisp/ros/control_msgs/msg/PointHeadAction.lisp, /home/caio/2_ROS/Doutorado_grasping/devel/share/common-lisp/ros/control_msgs/msg/PointHeadAction.lisp)
Linked: (/home/caio/2_ROS/Doutorado_grasping/devel/.private/control_msgs/share/common-lisp/ros/control_msgs/msg/FollowJointTrajectoryFeedback.lisp, /home/caio/2_ROS/Doutorado_grasping/devel/share/common-lisp/ros/control_msgs/msg/FollowJointTrajectoryFeedback.lisp)
Linked: (/home/caio/2_ROS/Doutorado_grasping/devel/.private/control_msgs/share/common-lisp/ros/control_msgs/msg/_package_SingleJointPositionResult.lisp, /home/caio/2_ROS/Doutorado_grasping/devel/share/common-lisp/ros/control_msgs/msg/_package_SingleJointPositionResult.lisp)
Linked: (/home/caio/2_ROS/Doutorado_grasping/devel/.private/control_msgs/share/common-lisp/ros/control_msgs/msg/JointTrajectoryActionResult.lisp, /home/caio/2_ROS/Doutorado_grasping/devel/share/common-lisp/ros/control_msgs/msg/JointTrajectoryActionResult.lisp)
Linked: (/home/caio/2_ROS/Doutorado_grasping/devel/.private/control_msgs/share/common-lisp/ros/control_msgs/msg/PointHeadResult.lisp, /home/caio/2_ROS/Doutorado_grasping/devel/share/common-lisp/ros/control_msgs/msg/PointHeadResult.lisp)
Linked: (/home/caio/2_ROS/Doutorado_grasping/devel/.private/control_msgs/share/common-lisp/ros/control_msgs/msg/_package_GripperCommandFeedback.lisp, /home/caio/2_ROS/Doutorado_grasping/devel/share/common-lisp/ros/control_msgs/msg/_package_GripperCommandFeedback.lisp)
Linked: (/home/caio/2_ROS/Doutorado_grasping/devel/.private/control_msgs/share/common-lisp/ros/control_msgs/msg/SingleJointPositionFeedback.lisp, /home/caio/2_ROS/Doutorado_grasping/devel/share/common-lisp/ros/control_msgs/msg/SingleJointPositionFeedback.lisp)
Linked: (/home/caio/2_ROS/Doutorado_grasping/devel/.private/control_msgs/share/common-lisp/ros/control_msgs/msg/_package_PointHeadAction.lisp, /home/caio/2_ROS/Doutorado_grasping/devel/share/common-lisp/ros/control_msgs/msg/_package_PointHeadAction.lisp)
Linked: (/home/caio/2_ROS/Doutorado_grasping/devel/.private/control_msgs/share/common-lisp/ros/control_msgs/msg/_package_PidState.lisp, /home/caio/2_ROS/Doutorado_grasping/devel/share/common-lisp/ros/control_msgs/msg/_package_PidState.lisp)
Linked: (/home/caio/2_ROS/Doutorado_grasping/devel/.private/control_msgs/share/common-lisp/ros/control_msgs/msg/GripperCommandFeedback.lisp, /home/caio/2_ROS/Doutorado_grasping/devel/share/common-lisp/ros/control_msgs/msg/GripperCommandFeedback.lisp)
Linked: (/home/caio/2_ROS/Doutorado_grasping/devel/.private/control_msgs/share/common-lisp/ros/control_msgs/msg/_package_JointTrajectoryControllerState.lisp, /home/caio/2_ROS/Doutorado_grasping/devel/share/common-lisp/ros/control_msgs/msg/_package_JointTrajectoryControllerState.lisp)
Linked: (/home/caio/2_ROS/Doutorado_grasping/devel/.private/control_msgs/share/common-lisp/ros/control_msgs/msg/JointControllerState.lisp, /home/caio/2_ROS/Doutorado_grasping/devel/share/common-lisp/ros/control_msgs/msg/JointControllerState.lisp)
Linked: (/home/caio/2_ROS/Doutorado_grasping/devel/.private/control_msgs/share/common-lisp/ros/control_msgs/msg/GripperCommand.lisp, /home/caio/2_ROS/Doutorado_grasping/devel/share/common-lisp/ros/control_msgs/msg/GripperCommand.lisp)
Linked: (/home/caio/2_ROS/Doutorado_grasping/devel/.private/control_msgs/share/common-lisp/ros/control_msgs/msg/FollowJointTrajectoryActionGoal.lisp, /home/caio/2_ROS/Doutorado_grasping/devel/share/common-lisp/ros/control_msgs/msg/FollowJointTrajectoryActionGoal.lisp)
Linked: (/home/caio/2_ROS/Doutorado_grasping/devel/.private/control_msgs/share/common-lisp/ros/control_msgs/msg/JointTrajectoryActionGoal.lisp, /home/caio/2_ROS/Doutorado_grasping/devel/share/common-lisp/ros/control_msgs/msg/JointTrajectoryActionGoal.lisp)
Linked: (/home/caio/2_ROS/Doutorado_grasping/devel/.private/control_msgs/share/common-lisp/ros/control_msgs/msg/JointJog.lisp, /home/caio/2_ROS/Doutorado_grasping/devel/share/common-lisp/ros/control_msgs/msg/JointJog.lisp)
Linked: (/home/caio/2_ROS/Doutorado_grasping/devel/.private/control_msgs/share/common-lisp/ros/control_msgs/msg/PointHeadActionResult.lisp, /home/caio/2_ROS/Doutorado_grasping/devel/share/common-lisp/ros/control_msgs/msg/PointHeadActionResult.lisp)
Linked: (/home/caio/2_ROS/Doutorado_grasping/devel/.private/control_msgs/share/common-lisp/ros/control_msgs/msg/SingleJointPositionActionGoal.lisp, /home/caio/2_ROS/Doutorado_grasping/devel/share/common-lisp/ros/control_msgs/msg/SingleJointPositionActionGoal.lisp)
Linked: (/home/caio/2_ROS/Doutorado_grasping/devel/.private/control_msgs/share/common-lisp/ros/control_msgs/msg/JointTrajectoryGoal.lisp, /home/caio/2_ROS/Doutorado_grasping/devel/share/common-lisp/ros/control_msgs/msg/JointTrajectoryGoal.lisp)
Linked: (/home/caio/2_ROS/Doutorado_grasping/devel/.private/control_msgs/share/common-lisp/ros/control_msgs/msg/SingleJointPositionActionFeedback.lisp, /home/caio/2_ROS/Doutorado_grasping/devel/share/common-lisp/ros/control_msgs/msg/SingleJointPositionActionFeedback.lisp)
Linked: (/home/caio/2_ROS/Doutorado_grasping/devel/.private/control_msgs/share/common-lisp/ros/control_msgs/msg/JointTrajectoryControllerState.lisp, /home/caio/2_ROS/Doutorado_grasping/devel/share/common-lisp/ros/control_msgs/msg/JointTrajectoryControllerState.lisp)
Linked: (/home/caio/2_ROS/Doutorado_grasping/devel/.private/control_msgs/share/common-lisp/ros/control_msgs/msg/_package_GripperCommandActionGoal.lisp, /home/caio/2_ROS/Doutorado_grasping/devel/share/common-lisp/ros/control_msgs/msg/_package_GripperCommandActionGoal.lisp)
Linked: (/home/caio/2_ROS/Doutorado_grasping/devel/.private/control_msgs/share/common-lisp/ros/control_msgs/msg/GripperCommandActionGoal.lisp, /home/caio/2_ROS/Doutorado_grasping/devel/share/common-lisp/ros/control_msgs/msg/GripperCommandActionGoal.lisp)
Linked: (/home/caio/2_ROS/Doutorado_grasping/devel/.private/control_msgs/share/common-lisp/ros/control_msgs/msg/_package_FollowJointTrajectoryActionResult.lisp, /home/caio/2_ROS/Doutorado_grasping/devel/share/common-lisp/ros/control_msgs/msg/_package_FollowJointTrajectoryActionResult.lisp)
Linked: (/home/caio/2_ROS/Doutorado_grasping/devel/.private/control_msgs/share/common-lisp/ros/control_msgs/msg/_package_SingleJointPositionActionFeedback.lisp, /home/caio/2_ROS/Doutorado_grasping/devel/share/common-lisp/ros/control_msgs/msg/_package_SingleJointPositionActionFeedback.lisp)
Linked: (/home/caio/2_ROS/Doutorado_grasping/devel/.private/control_msgs/share/common-lisp/ros/control_msgs/msg/_package_JointTrajectoryActionFeedback.lisp, /home/caio/2_ROS/Doutorado_grasping/devel/share/common-lisp/ros/control_msgs/msg/_package_JointTrajectoryActionFeedback.lisp)
Linked: (/home/caio/2_ROS/Doutorado_grasping/devel/.private/control_msgs/share/common-lisp/ros/control_msgs/msg/_package_FollowJointTrajectoryGoal.lisp, /home/caio/2_ROS/Doutorado_grasping/devel/share/common-lisp/ros/control_msgs/msg/_package_FollowJointTrajectoryGoal.lisp)
Linked: (/home/caio/2_ROS/Doutorado_grasping/devel/.private/control_msgs/share/common-lisp/ros/control_msgs/msg/PidState.lisp, /home/caio/2_ROS/Doutorado_grasping/devel/share/common-lisp/ros/control_msgs/msg/PidState.lisp)
Linked: (/home/caio/2_ROS/Doutorado_grasping/devel/.private/control_msgs/share/common-lisp/ros/control_msgs/msg/_package_JointJog.lisp, /home/caio/2_ROS/Doutorado_grasping/devel/share/common-lisp/ros/control_msgs/msg/_package_JointJog.lisp)
Linked: (/home/caio/2_ROS/Doutorado_grasping/devel/.private/control_msgs/share/common-lisp/ros/control_msgs/msg/_package_SingleJointPositionFeedback.lisp, /home/caio/2_ROS/Doutorado_grasping/devel/share/common-lisp/ros/control_msgs/msg/_package_SingleJointPositionFeedback.lisp)
Linked: (/home/caio/2_ROS/Doutorado_grasping/devel/.private/control_msgs/share/common-lisp/ros/control_msgs/msg/_package_SingleJointPositionActionResult.lisp, /home/caio/2_ROS/Doutorado_grasping/devel/share/common-lisp/ros/control_msgs/msg/_package_SingleJointPositionActionResult.lisp)
Linked: (/home/caio/2_ROS/Doutorado_grasping/devel/.private/control_msgs/share/common-lisp/ros/control_msgs/msg/GripperCommandAction.lisp, /home/caio/2_ROS/Doutorado_grasping/devel/share/common-lisp/ros/control_msgs/msg/GripperCommandAction.lisp)
Linked: (/home/caio/2_ROS/Doutorado_grasping/devel/.private/control_msgs/share/common-lisp/ros/control_msgs/msg/JointTrajectoryFeedback.lisp, /home/caio/2_ROS/Doutorado_grasping/devel/share/common-lisp/ros/control_msgs/msg/JointTrajectoryFeedback.lisp)
Linked: (/home/caio/2_ROS/Doutorado_grasping/devel/.private/control_msgs/share/common-lisp/ros/control_msgs/msg/_package_GripperCommandAction.lisp, /home/caio/2_ROS/Doutorado_grasping/devel/share/common-lisp/ros/control_msgs/msg/_package_GripperCommandAction.lisp)
Linked: (/home/caio/2_ROS/Doutorado_grasping/devel/.private/control_msgs/share/common-lisp/ros/control_msgs/msg/GripperCommandResult.lisp, /home/caio/2_ROS/Doutorado_grasping/devel/share/common-lisp/ros/control_msgs/msg/GripperCommandResult.lisp)
Linked: (/home/caio/2_ROS/Doutorado_grasping/devel/.private/control_msgs/share/common-lisp/ros/control_msgs/msg/PointHeadActionFeedback.lisp, /home/caio/2_ROS/Doutorado_grasping/devel/share/common-lisp/ros/control_msgs/msg/PointHeadActionFeedback.lisp)
Linked: (/home/caio/2_ROS/Doutorado_grasping/devel/.private/control_msgs/share/common-lisp/ros/control_msgs/msg/JointTrajectoryActionFeedback.lisp, /home/caio/2_ROS/Doutorado_grasping/devel/share/common-lisp/ros/control_msgs/msg/JointTrajectoryActionFeedback.lisp)
Linked: (/home/caio/2_ROS/Doutorado_grasping/devel/.private/control_msgs/share/common-lisp/ros/control_msgs/msg/_package_GripperCommandActionResult.lisp, /home/caio/2_ROS/Doutorado_grasping/devel/share/common-lisp/ros/control_msgs/msg/_package_GripperCommandActionResult.lisp)
Linked: (/home/caio/2_ROS/Doutorado_grasping/devel/.private/control_msgs/share/roseus/ros/control_msgs/manifest.l, /home/caio/2_ROS/Doutorado_grasping/devel/share/roseus/ros/control_msgs/manifest.l)
Linked: (/home/caio/2_ROS/Doutorado_grasping/devel/.private/control_msgs/share/roseus/ros/control_msgs/srv/QueryCalibrationState.l, /home/caio/2_ROS/Doutorado_grasping/devel/share/roseus/ros/control_msgs/srv/QueryCalibrationState.l)
Linked: (/home/caio/2_ROS/Doutorado_grasping/devel/.private/control_msgs/share/roseus/ros/control_msgs/srv/QueryTrajectoryState.l, /home/caio/2_ROS/Doutorado_grasping/devel/share/roseus/ros/control_msgs/srv/QueryTrajectoryState.l)
Linked: (/home/caio/2_ROS/Doutorado_grasping/devel/.private/control_msgs/share/roseus/ros/control_msgs/msg/JointTrajectoryActionGoal.l, /home/caio/2_ROS/Doutorado_grasping/devel/share/roseus/ros/control_msgs/msg/JointTrajectoryActionGoal.l)
Linked: (/home/caio/2_ROS/Doutorado_grasping/devel/.private/control_msgs/share/roseus/ros/control_msgs/msg/FollowJointTrajectoryActionResult.l, /home/caio/2_ROS/Doutorado_grasping/devel/share/roseus/ros/control_msgs/msg/FollowJointTrajectoryActionResult.l)
Linked: (/home/caio/2_ROS/Doutorado_grasping/devel/.private/control_msgs/share/roseus/ros/control_msgs/msg/JointTrajectoryGoal.l, /home/caio/2_ROS/Doutorado_grasping/devel/share/roseus/ros/control_msgs/msg/JointTrajectoryGoal.l)
Linked: (/home/caio/2_ROS/Doutorado_grasping/devel/.private/control_msgs/share/roseus/ros/control_msgs/msg/PointHeadActionFeedback.l, /home/caio/2_ROS/Doutorado_grasping/devel/share/roseus/ros/control_msgs/msg/PointHeadActionFeedback.l)
Linked: (/home/caio/2_ROS/Doutorado_grasping/devel/.private/control_msgs/share/roseus/ros/control_msgs/msg/PointHeadActionGoal.l, /home/caio/2_ROS/Doutorado_grasping/devel/share/roseus/ros/control_msgs/msg/PointHeadActionGoal.l)
Linked: (/home/caio/2_ROS/Doutorado_grasping/devel/.private/control_msgs/share/roseus/ros/control_msgs/msg/PointHeadActionResult.l, /home/caio/2_ROS/Doutorado_grasping/devel/share/roseus/ros/control_msgs/msg/PointHeadActionResult.l)
Linked: (/home/caio/2_ROS/Doutorado_grasping/devel/.private/control_msgs/share/roseus/ros/control_msgs/msg/PointHeadAction.l, /home/caio/2_ROS/Doutorado_grasping/devel/share/roseus/ros/control_msgs/msg/PointHeadAction.l)
Linked: (/home/caio/2_ROS/Doutorado_grasping/devel/.private/control_msgs/share/roseus/ros/control_msgs/msg/PointHeadFeedback.l, /home/caio/2_ROS/Doutorado_grasping/devel/share/roseus/ros/control_msgs/msg/PointHeadFeedback.l)
Linked: (/home/caio/2_ROS/Doutorado_grasping/devel/.private/control_msgs/share/roseus/ros/control_msgs/msg/JointTrajectoryActionFeedback.l, /home/caio/2_ROS/Doutorado_grasping/devel/share/roseus/ros/control_msgs/msg/JointTrajectoryActionFeedback.l)
Linked: (/home/caio/2_ROS/Doutorado_grasping/devel/.private/control_msgs/share/roseus/ros/control_msgs/msg/GripperCommandResult.l, /home/caio/2_ROS/Doutorado_grasping/devel/share/roseus/ros/control_msgs/msg/GripperCommandResult.l)
Linked: (/home/caio/2_ROS/Doutorado_grasping/devel/.private/control_msgs/share/roseus/ros/control_msgs/msg/GripperCommandGoal.l, /home/caio/2_ROS/Doutorado_grasping/devel/share/roseus/ros/control_msgs/msg/GripperCommandGoal.l)
Linked: (/home/caio/2_ROS/Doutorado_grasping/devel/.private/control_msgs/share/roseus/ros/control_msgs/msg/GripperCommandAction.l, /home/caio/2_ROS/Doutorado_grasping/devel/share/roseus/ros/control_msgs/msg/GripperCommandAction.l)
Linked: (/home/caio/2_ROS/Doutorado_grasping/devel/.private/control_msgs/share/roseus/ros/control_msgs/msg/JointControllerState.l, /home/caio/2_ROS/Doutorado_grasping/devel/share/roseus/ros/control_msgs/msg/JointControllerState.l)
Linked: (/home/caio/2_ROS/Doutorado_grasping/devel/.private/control_msgs/share/roseus/ros/control_msgs/msg/FollowJointTrajectoryGoal.l, /home/caio/2_ROS/Doutorado_grasping/devel/share/roseus/ros/control_msgs/msg/FollowJointTrajectoryGoal.l)
Linked: (/home/caio/2_ROS/Doutorado_grasping/devel/.private/control_msgs/share/roseus/ros/control_msgs/msg/JointTolerance.l, /home/caio/2_ROS/Doutorado_grasping/devel/share/roseus/ros/control_msgs/msg/JointTolerance.l)
Linked: (/home/caio/2_ROS/Doutorado_grasping/devel/.private/control_msgs/share/roseus/ros/control_msgs/msg/GripperCommand.l, /home/caio/2_ROS/Doutorado_grasping/devel/share/roseus/ros/control_msgs/msg/GripperCommand.l)
Linked: (/home/caio/2_ROS/Doutorado_grasping/devel/.private/control_msgs/share/roseus/ros/control_msgs/msg/GripperCommandActionGoal.l, /home/caio/2_ROS/Doutorado_grasping/devel/share/roseus/ros/control_msgs/msg/GripperCommandActionGoal.l)
Linked: (/home/caio/2_ROS/Doutorado_grasping/devel/.private/control_msgs/share/roseus/ros/control_msgs/msg/FollowJointTrajectoryActionFeedback.l, /home/caio/2_ROS/Doutorado_grasping/devel/share/roseus/ros/control_msgs/msg/FollowJointTrajectoryActionFeedback.l)
Linked: (/home/caio/2_ROS/Doutorado_grasping/devel/.private/control_msgs/share/roseus/ros/control_msgs/msg/JointTrajectoryAction.l, /home/caio/2_ROS/Doutorado_grasping/devel/share/roseus/ros/control_msgs/msg/JointTrajectoryAction.l)
Linked: (/home/caio/2_ROS/Doutorado_grasping/devel/.private/control_msgs/share/roseus/ros/control_msgs/msg/GripperCommandFeedback.l, /home/caio/2_ROS/Doutorado_grasping/devel/share/roseus/ros/control_msgs/msg/GripperCommandFeedback.l)
Linked: (/home/caio/2_ROS/Doutorado_grasping/devel/.private/control_msgs/share/roseus/ros/control_msgs/msg/JointTrajectoryControllerState.l, /home/caio/2_ROS/Doutorado_grasping/devel/share/roseus/ros/control_msgs/msg/JointTrajectoryControllerState.l)
Linked: (/home/caio/2_ROS/Doutorado_grasping/devel/.private/control_msgs/share/roseus/ros/control_msgs/msg/PointHeadResult.l, /home/caio/2_ROS/Doutorado_grasping/devel/share/roseus/ros/control_msgs/msg/PointHeadResult.l)
Linked: (/home/caio/2_ROS/Doutorado_grasping/devel/.private/control_msgs/share/roseus/ros/control_msgs/msg/PidState.l, /home/caio/2_ROS/Doutorado_grasping/devel/share/roseus/ros/control_msgs/msg/PidState.l)
Linked: (/home/caio/2_ROS/Doutorado_grasping/devel/.private/control_msgs/share/roseus/ros/control_msgs/msg/PointHeadGoal.l, /home/caio/2_ROS/Doutorado_grasping/devel/share/roseus/ros/control_msgs/msg/PointHeadGoal.l)
Linked: (/home/caio/2_ROS/Doutorado_grasping/devel/.private/control_msgs/share/roseus/ros/control_msgs/msg/SingleJointPositionResult.l, /home/caio/2_ROS/Doutorado_grasping/devel/share/roseus/ros/control_msgs/msg/SingleJointPositionResult.l)
Linked: (/home/caio/2_ROS/Doutorado_grasping/devel/.private/control_msgs/share/roseus/ros/control_msgs/msg/FollowJointTrajectoryFeedback.l, /home/caio/2_ROS/Doutorado_grasping/devel/share/roseus/ros/control_msgs/msg/FollowJointTrajectoryFeedback.l)
Linked: (/home/caio/2_ROS/Doutorado_grasping/devel/.private/control_msgs/share/roseus/ros/control_msgs/msg/SingleJointPositionActionGoal.l, /home/caio/2_ROS/Doutorado_grasping/devel/share/roseus/ros/control_msgs/msg/SingleJointPositionActionGoal.l)
Linked: (/home/caio/2_ROS/Doutorado_grasping/devel/.private/control_msgs/share/roseus/ros/control_msgs/msg/FollowJointTrajectoryAction.l, /home/caio/2_ROS/Doutorado_grasping/devel/share/roseus/ros/control_msgs/msg/FollowJointTrajectoryAction.l)
Linked: (/home/caio/2_ROS/Doutorado_grasping/devel/.private/control_msgs/share/roseus/ros/control_msgs/msg/JointTrajectoryActionResult.l, /home/caio/2_ROS/Doutorado_grasping/devel/share/roseus/ros/control_msgs/msg/JointTrajectoryActionResult.l)
Linked: (/home/caio/2_ROS/Doutorado_grasping/devel/.private/control_msgs/share/roseus/ros/control_msgs/msg/SingleJointPositionAction.l, /home/caio/2_ROS/Doutorado_grasping/devel/share/roseus/ros/control_msgs/msg/SingleJointPositionAction.l)
Linked: (/home/caio/2_ROS/Doutorado_grasping/devel/.private/control_msgs/share/roseus/ros/control_msgs/msg/FollowJointTrajectoryActionGoal.l, /home/caio/2_ROS/Doutorado_grasping/devel/share/roseus/ros/control_msgs/msg/FollowJointTrajectoryActionGoal.l)
Linked: (/home/caio/2_ROS/Doutorado_grasping/devel/.private/control_msgs/share/roseus/ros/control_msgs/msg/JointJog.l, /home/caio/2_ROS/Doutorado_grasping/devel/share/roseus/ros/control_msgs/msg/JointJog.l)
Linked: (/home/caio/2_ROS/Doutorado_grasping/devel/.private/control_msgs/share/roseus/ros/control_msgs/msg/GripperCommandActionResult.l, /home/caio/2_ROS/Doutorado_grasping/devel/share/roseus/ros/control_msgs/msg/GripperCommandActionResult.l)
Linked: (/home/caio/2_ROS/Doutorado_grasping/devel/.private/control_msgs/share/roseus/ros/control_msgs/msg/FollowJointTrajectoryResult.l, /home/caio/2_ROS/Doutorado_grasping/devel/share/roseus/ros/control_msgs/msg/FollowJointTrajectoryResult.l)
Linked: (/home/caio/2_ROS/Doutorado_grasping/devel/.private/control_msgs/share/roseus/ros/control_msgs/msg/SingleJointPositionGoal.l, /home/caio/2_ROS/Doutorado_grasping/devel/share/roseus/ros/control_msgs/msg/SingleJointPositionGoal.l)
Linked: (/home/caio/2_ROS/Doutorado_grasping/devel/.private/control_msgs/share/roseus/ros/control_msgs/msg/SingleJointPositionActionResult.l, /home/caio/2_ROS/Doutorado_grasping/devel/share/roseus/ros/control_msgs/msg/SingleJointPositionActionResult.l)
Linked: (/home/caio/2_ROS/Doutorado_grasping/devel/.private/control_msgs/share/roseus/ros/control_msgs/msg/JointTrajectoryResult.l, /home/caio/2_ROS/Doutorado_grasping/devel/share/roseus/ros/control_msgs/msg/JointTrajectoryResult.l)
Linked: (/home/caio/2_ROS/Doutorado_grasping/devel/.private/control_msgs/share/roseus/ros/control_msgs/msg/GripperCommandActionFeedback.l, /home/caio/2_ROS/Doutorado_grasping/devel/share/roseus/ros/control_msgs/msg/GripperCommandActionFeedback.l)
Linked: (/home/caio/2_ROS/Doutorado_grasping/devel/.private/control_msgs/share/roseus/ros/control_msgs/msg/JointTrajectoryFeedback.l, /home/caio/2_ROS/Doutorado_grasping/devel/share/roseus/ros/control_msgs/msg/JointTrajectoryFeedback.l)
Linked: (/home/caio/2_ROS/Doutorado_grasping/devel/.private/control_msgs/share/roseus/ros/control_msgs/msg/SingleJointPositionFeedback.l, /home/caio/2_ROS/Doutorado_grasping/devel/share/roseus/ros/control_msgs/msg/SingleJointPositionFeedback.l)
Linked: (/home/caio/2_ROS/Doutorado_grasping/devel/.private/control_msgs/share/roseus/ros/control_msgs/msg/SingleJointPositionActionFeedback.l, /home/caio/2_ROS/Doutorado_grasping/devel/share/roseus/ros/control_msgs/msg/SingleJointPositionActionFeedback.l)
