Linked: (/home/caio/2_ROS/Doutorado_grasping/devel/.private/industrial_msgs/include/industrial_msgs/RobotStatus.h, /home/caio/2_ROS/Doutorado_grasping/devel/include/industrial_msgs/RobotStatus.h)
Linked: (/home/caio/2_ROS/Doutorado_grasping/devel/.private/industrial_msgs/include/industrial_msgs/StartMotionRequest.h, /home/caio/2_ROS/Doutorado_grasping/devel/include/industrial_msgs/StartMotionRequest.h)
Linked: (/home/caio/2_ROS/Doutorado_grasping/devel/.private/industrial_msgs/include/industrial_msgs/RobotMode.h, /home/caio/2_ROS/Doutorado_grasping/devel/include/industrial_msgs/RobotMode.h)
Linked: (/home/caio/2_ROS/Doutorado_grasping/devel/.private/industrial_msgs/include/industrial_msgs/SetRemoteLoggerLevel.h, /home/caio/2_ROS/Doutorado_grasping/devel/include/industrial_msgs/SetRemoteLoggerLevel.h)
Linked: (/home/caio/2_ROS/Doutorado_grasping/devel/.private/industrial_msgs/include/industrial_msgs/DebugLevel.h, /home/caio/2_ROS/Doutorado_grasping/devel/include/industrial_msgs/DebugLevel.h)
Linked: (/home/caio/2_ROS/Doutorado_grasping/devel/.private/industrial_msgs/include/industrial_msgs/SetRemoteLoggerLevelRequest.h, /home/caio/2_ROS/Doutorado_grasping/devel/include/industrial_msgs/SetRemoteLoggerLevelRequest.h)
Linked: (/home/caio/2_ROS/Doutorado_grasping/devel/.private/industrial_msgs/include/industrial_msgs/GetRobotInfoRequest.h, /home/caio/2_ROS/Doutorado_grasping/devel/include/industrial_msgs/GetRobotInfoRequest.h)
Linked: (/home/caio/2_ROS/Doutorado_grasping/devel/.private/industrial_msgs/include/industrial_msgs/CmdJointTrajectoryResponse.h, /home/caio/2_ROS/Doutorado_grasping/devel/include/industrial_msgs/CmdJointTrajectoryResponse.h)
Linked: (/home/caio/2_ROS/Doutorado_grasping/devel/.private/industrial_msgs/include/industrial_msgs/StartMotionResponse.h, /home/caio/2_ROS/Doutorado_grasping/devel/include/industrial_msgs/StartMotionResponse.h)
Linked: (/home/caio/2_ROS/Doutorado_grasping/devel/.private/industrial_msgs/include/industrial_msgs/SetDrivePower.h, /home/caio/2_ROS/Doutorado_grasping/devel/include/industrial_msgs/SetDrivePower.h)
Linked: (/home/caio/2_ROS/Doutorado_grasping/devel/.private/industrial_msgs/include/industrial_msgs/GetRobotInfoResponse.h, /home/caio/2_ROS/Doutorado_grasping/devel/include/industrial_msgs/GetRobotInfoResponse.h)
Linked: (/home/caio/2_ROS/Doutorado_grasping/devel/.private/industrial_msgs/include/industrial_msgs/TriState.h, /home/caio/2_ROS/Doutorado_grasping/devel/include/industrial_msgs/TriState.h)
Linked: (/home/caio/2_ROS/Doutorado_grasping/devel/.private/industrial_msgs/include/industrial_msgs/StartMotion.h, /home/caio/2_ROS/Doutorado_grasping/devel/include/industrial_msgs/StartMotion.h)
Linked: (/home/caio/2_ROS/Doutorado_grasping/devel/.private/industrial_msgs/include/industrial_msgs/StopMotionResponse.h, /home/caio/2_ROS/Doutorado_grasping/devel/include/industrial_msgs/StopMotionResponse.h)
Linked: (/home/caio/2_ROS/Doutorado_grasping/devel/.private/industrial_msgs/include/industrial_msgs/SetDrivePowerRequest.h, /home/caio/2_ROS/Doutorado_grasping/devel/include/industrial_msgs/SetDrivePowerRequest.h)
Linked: (/home/caio/2_ROS/Doutorado_grasping/devel/.private/industrial_msgs/include/industrial_msgs/GetRobotInfo.h, /home/caio/2_ROS/Doutorado_grasping/devel/include/industrial_msgs/GetRobotInfo.h)
Linked: (/home/caio/2_ROS/Doutorado_grasping/devel/.private/industrial_msgs/include/industrial_msgs/StopMotion.h, /home/caio/2_ROS/Doutorado_grasping/devel/include/industrial_msgs/StopMotion.h)
Linked: (/home/caio/2_ROS/Doutorado_grasping/devel/.private/industrial_msgs/include/industrial_msgs/SetRemoteLoggerLevelResponse.h, /home/caio/2_ROS/Doutorado_grasping/devel/include/industrial_msgs/SetRemoteLoggerLevelResponse.h)
Linked: (/home/caio/2_ROS/Doutorado_grasping/devel/.private/industrial_msgs/include/industrial_msgs/ServiceReturnCode.h, /home/caio/2_ROS/Doutorado_grasping/devel/include/industrial_msgs/ServiceReturnCode.h)
Linked: (/home/caio/2_ROS/Doutorado_grasping/devel/.private/industrial_msgs/include/industrial_msgs/SetDrivePowerResponse.h, /home/caio/2_ROS/Doutorado_grasping/devel/include/industrial_msgs/SetDrivePowerResponse.h)
Linked: (/home/caio/2_ROS/Doutorado_grasping/devel/.private/industrial_msgs/include/industrial_msgs/CmdJointTrajectoryRequest.h, /home/caio/2_ROS/Doutorado_grasping/devel/include/industrial_msgs/CmdJointTrajectoryRequest.h)
Linked: (/home/caio/2_ROS/Doutorado_grasping/devel/.private/industrial_msgs/include/industrial_msgs/CmdJointTrajectory.h, /home/caio/2_ROS/Doutorado_grasping/devel/include/industrial_msgs/CmdJointTrajectory.h)
Linked: (/home/caio/2_ROS/Doutorado_grasping/devel/.private/industrial_msgs/include/industrial_msgs/DeviceInfo.h, /home/caio/2_ROS/Doutorado_grasping/devel/include/industrial_msgs/DeviceInfo.h)
Linked: (/home/caio/2_ROS/Doutorado_grasping/devel/.private/industrial_msgs/include/industrial_msgs/StopMotionRequest.h, /home/caio/2_ROS/Doutorado_grasping/devel/include/industrial_msgs/StopMotionRequest.h)
Linked: (/home/caio/2_ROS/Doutorado_grasping/devel/.private/industrial_msgs/lib/pkgconfig/industrial_msgs.pc, /home/caio/2_ROS/Doutorado_grasping/devel/lib/pkgconfig/industrial_msgs.pc)
Linked: (/home/caio/2_ROS/Doutorado_grasping/devel/.private/industrial_msgs/lib/python2.7/dist-packages/industrial_msgs/__init__.py, /home/caio/2_ROS/Doutorado_grasping/devel/lib/python2.7/dist-packages/industrial_msgs/__init__.py)
Linked: (/home/caio/2_ROS/Doutorado_grasping/devel/.private/industrial_msgs/lib/python2.7/dist-packages/industrial_msgs/srv/_CmdJointTrajectory.py, /home/caio/2_ROS/Doutorado_grasping/devel/lib/python2.7/dist-packages/industrial_msgs/srv/_CmdJointTrajectory.py)
Linked: (/home/caio/2_ROS/Doutorado_grasping/devel/.private/industrial_msgs/lib/python2.7/dist-packages/industrial_msgs/srv/_SetRemoteLoggerLevel.py, /home/caio/2_ROS/Doutorado_grasping/devel/lib/python2.7/dist-packages/industrial_msgs/srv/_SetRemoteLoggerLevel.py)
Linked: (/home/caio/2_ROS/Doutorado_grasping/devel/.private/industrial_msgs/lib/python2.7/dist-packages/industrial_msgs/srv/_StartMotion.py, /home/caio/2_ROS/Doutorado_grasping/devel/lib/python2.7/dist-packages/industrial_msgs/srv/_StartMotion.py)
Linked: (/home/caio/2_ROS/Doutorado_grasping/devel/.private/industrial_msgs/lib/python2.7/dist-packages/industrial_msgs/srv/_StopMotion.py, /home/caio/2_ROS/Doutorado_grasping/devel/lib/python2.7/dist-packages/industrial_msgs/srv/_StopMotion.py)
Linked: (/home/caio/2_ROS/Doutorado_grasping/devel/.private/industrial_msgs/lib/python2.7/dist-packages/industrial_msgs/srv/_GetRobotInfo.py, /home/caio/2_ROS/Doutorado_grasping/devel/lib/python2.7/dist-packages/industrial_msgs/srv/_GetRobotInfo.py)
Linked: (/home/caio/2_ROS/Doutorado_grasping/devel/.private/industrial_msgs/lib/python2.7/dist-packages/industrial_msgs/srv/__init__.py, /home/caio/2_ROS/Doutorado_grasping/devel/lib/python2.7/dist-packages/industrial_msgs/srv/__init__.py)
Linked: (/home/caio/2_ROS/Doutorado_grasping/devel/.private/industrial_msgs/lib/python2.7/dist-packages/industrial_msgs/srv/_SetDrivePower.py, /home/caio/2_ROS/Doutorado_grasping/devel/lib/python2.7/dist-packages/industrial_msgs/srv/_SetDrivePower.py)
Linked: (/home/caio/2_ROS/Doutorado_grasping/devel/.private/industrial_msgs/lib/python2.7/dist-packages/industrial_msgs/msg/_DeviceInfo.py, /home/caio/2_ROS/Doutorado_grasping/devel/lib/python2.7/dist-packages/industrial_msgs/msg/_DeviceInfo.py)
Linked: (/home/caio/2_ROS/Doutorado_grasping/devel/.private/industrial_msgs/lib/python2.7/dist-packages/industrial_msgs/msg/_DebugLevel.py, /home/caio/2_ROS/Doutorado_grasping/devel/lib/python2.7/dist-packages/industrial_msgs/msg/_DebugLevel.py)
Linked: (/home/caio/2_ROS/Doutorado_grasping/devel/.private/industrial_msgs/lib/python2.7/dist-packages/industrial_msgs/msg/_ServiceReturnCode.py, /home/caio/2_ROS/Doutorado_grasping/devel/lib/python2.7/dist-packages/industrial_msgs/msg/_ServiceReturnCode.py)
Linked: (/home/caio/2_ROS/Doutorado_grasping/devel/.private/industrial_msgs/lib/python2.7/dist-packages/industrial_msgs/msg/_RobotMode.py, /home/caio/2_ROS/Doutorado_grasping/devel/lib/python2.7/dist-packages/industrial_msgs/msg/_RobotMode.py)
Linked: (/home/caio/2_ROS/Doutorado_grasping/devel/.private/industrial_msgs/lib/python2.7/dist-packages/industrial_msgs/msg/_TriState.py, /home/caio/2_ROS/Doutorado_grasping/devel/lib/python2.7/dist-packages/industrial_msgs/msg/_TriState.py)
Linked: (/home/caio/2_ROS/Doutorado_grasping/devel/.private/industrial_msgs/lib/python2.7/dist-packages/industrial_msgs/msg/_RobotStatus.py, /home/caio/2_ROS/Doutorado_grasping/devel/lib/python2.7/dist-packages/industrial_msgs/msg/_RobotStatus.py)
Linked: (/home/caio/2_ROS/Doutorado_grasping/devel/.private/industrial_msgs/lib/python2.7/dist-packages/industrial_msgs/msg/__init__.py, /home/caio/2_ROS/Doutorado_grasping/devel/lib/python2.7/dist-packages/industrial_msgs/msg/__init__.py)
Linked: (/home/caio/2_ROS/Doutorado_grasping/devel/.private/industrial_msgs/share/gennodejs/ros/industrial_msgs/_index.js, /home/caio/2_ROS/Doutorado_grasping/devel/share/gennodejs/ros/industrial_msgs/_index.js)
Linked: (/home/caio/2_ROS/Doutorado_grasping/devel/.private/industrial_msgs/share/gennodejs/ros/industrial_msgs/srv/CmdJointTrajectory.js, /home/caio/2_ROS/Doutorado_grasping/devel/share/gennodejs/ros/industrial_msgs/srv/CmdJointTrajectory.js)
Linked: (/home/caio/2_ROS/Doutorado_grasping/devel/.private/industrial_msgs/share/gennodejs/ros/industrial_msgs/srv/StartMotion.js, /home/caio/2_ROS/Doutorado_grasping/devel/share/gennodejs/ros/industrial_msgs/srv/StartMotion.js)
Linked: (/home/caio/2_ROS/Doutorado_grasping/devel/.private/industrial_msgs/share/gennodejs/ros/industrial_msgs/srv/SetRemoteLoggerLevel.js, /home/caio/2_ROS/Doutorado_grasping/devel/share/gennodejs/ros/industrial_msgs/srv/SetRemoteLoggerLevel.js)
Linked: (/home/caio/2_ROS/Doutorado_grasping/devel/.private/industrial_msgs/share/gennodejs/ros/industrial_msgs/srv/SetDrivePower.js, /home/caio/2_ROS/Doutorado_grasping/devel/share/gennodejs/ros/industrial_msgs/srv/SetDrivePower.js)
Linked: (/home/caio/2_ROS/Doutorado_grasping/devel/.private/industrial_msgs/share/gennodejs/ros/industrial_msgs/srv/_index.js, /home/caio/2_ROS/Doutorado_grasping/devel/share/gennodejs/ros/industrial_msgs/srv/_index.js)
Linked: (/home/caio/2_ROS/Doutorado_grasping/devel/.private/industrial_msgs/share/gennodejs/ros/industrial_msgs/srv/StopMotion.js, /home/caio/2_ROS/Doutorado_grasping/devel/share/gennodejs/ros/industrial_msgs/srv/StopMotion.js)
Linked: (/home/caio/2_ROS/Doutorado_grasping/devel/.private/industrial_msgs/share/gennodejs/ros/industrial_msgs/srv/GetRobotInfo.js, /home/caio/2_ROS/Doutorado_grasping/devel/share/gennodejs/ros/industrial_msgs/srv/GetRobotInfo.js)
Linked: (/home/caio/2_ROS/Doutorado_grasping/devel/.private/industrial_msgs/share/gennodejs/ros/industrial_msgs/msg/RobotStatus.js, /home/caio/2_ROS/Doutorado_grasping/devel/share/gennodejs/ros/industrial_msgs/msg/RobotStatus.js)
Linked: (/home/caio/2_ROS/Doutorado_grasping/devel/.private/industrial_msgs/share/gennodejs/ros/industrial_msgs/msg/DeviceInfo.js, /home/caio/2_ROS/Doutorado_grasping/devel/share/gennodejs/ros/industrial_msgs/msg/DeviceInfo.js)
Linked: (/home/caio/2_ROS/Doutorado_grasping/devel/.private/industrial_msgs/share/gennodejs/ros/industrial_msgs/msg/RobotMode.js, /home/caio/2_ROS/Doutorado_grasping/devel/share/gennodejs/ros/industrial_msgs/msg/RobotMode.js)
Linked: (/home/caio/2_ROS/Doutorado_grasping/devel/.private/industrial_msgs/share/gennodejs/ros/industrial_msgs/msg/_index.js, /home/caio/2_ROS/Doutorado_grasping/devel/share/gennodejs/ros/industrial_msgs/msg/_index.js)
Linked: (/home/caio/2_ROS/Doutorado_grasping/devel/.private/industrial_msgs/share/gennodejs/ros/industrial_msgs/msg/TriState.js, /home/caio/2_ROS/Doutorado_grasping/devel/share/gennodejs/ros/industrial_msgs/msg/TriState.js)
Linked: (/home/caio/2_ROS/Doutorado_grasping/devel/.private/industrial_msgs/share/gennodejs/ros/industrial_msgs/msg/DebugLevel.js, /home/caio/2_ROS/Doutorado_grasping/devel/share/gennodejs/ros/industrial_msgs/msg/DebugLevel.js)
Linked: (/home/caio/2_ROS/Doutorado_grasping/devel/.private/industrial_msgs/share/gennodejs/ros/industrial_msgs/msg/ServiceReturnCode.js, /home/caio/2_ROS/Doutorado_grasping/devel/share/gennodejs/ros/industrial_msgs/msg/ServiceReturnCode.js)
Linked: (/home/caio/2_ROS/Doutorado_grasping/devel/.private/industrial_msgs/share/common-lisp/ros/industrial_msgs/srv/SetRemoteLoggerLevel.lisp, /home/caio/2_ROS/Doutorado_grasping/devel/share/common-lisp/ros/industrial_msgs/srv/SetRemoteLoggerLevel.lisp)
Linked: (/home/caio/2_ROS/Doutorado_grasping/devel/.private/industrial_msgs/share/common-lisp/ros/industrial_msgs/srv/_package.lisp, /home/caio/2_ROS/Doutorado_grasping/devel/share/common-lisp/ros/industrial_msgs/srv/_package.lisp)
Linked: (/home/caio/2_ROS/Doutorado_grasping/devel/.private/industrial_msgs/share/common-lisp/ros/industrial_msgs/srv/SetDrivePower.lisp, /home/caio/2_ROS/Doutorado_grasping/devel/share/common-lisp/ros/industrial_msgs/srv/SetDrivePower.lisp)
Linked: (/home/caio/2_ROS/Doutorado_grasping/devel/.private/industrial_msgs/share/common-lisp/ros/industrial_msgs/srv/GetRobotInfo.lisp, /home/caio/2_ROS/Doutorado_grasping/devel/share/common-lisp/ros/industrial_msgs/srv/GetRobotInfo.lisp)
Linked: (/home/caio/2_ROS/Doutorado_grasping/devel/.private/industrial_msgs/share/common-lisp/ros/industrial_msgs/srv/StartMotion.lisp, /home/caio/2_ROS/Doutorado_grasping/devel/share/common-lisp/ros/industrial_msgs/srv/StartMotion.lisp)
Linked: (/home/caio/2_ROS/Doutorado_grasping/devel/.private/industrial_msgs/share/common-lisp/ros/industrial_msgs/srv/_package_GetRobotInfo.lisp, /home/caio/2_ROS/Doutorado_grasping/devel/share/common-lisp/ros/industrial_msgs/srv/_package_GetRobotInfo.lisp)
Linked: (/home/caio/2_ROS/Doutorado_grasping/devel/.private/industrial_msgs/share/common-lisp/ros/industrial_msgs/srv/_package_SetRemoteLoggerLevel.lisp, /home/caio/2_ROS/Doutorado_grasping/devel/share/common-lisp/ros/industrial_msgs/srv/_package_SetRemoteLoggerLevel.lisp)
Linked: (/home/caio/2_ROS/Doutorado_grasping/devel/.private/industrial_msgs/share/common-lisp/ros/industrial_msgs/srv/_package_SetDrivePower.lisp, /home/caio/2_ROS/Doutorado_grasping/devel/share/common-lisp/ros/industrial_msgs/srv/_package_SetDrivePower.lisp)
Linked: (/home/caio/2_ROS/Doutorado_grasping/devel/.private/industrial_msgs/share/common-lisp/ros/industrial_msgs/srv/_package_StartMotion.lisp, /home/caio/2_ROS/Doutorado_grasping/devel/share/common-lisp/ros/industrial_msgs/srv/_package_StartMotion.lisp)
Linked: (/home/caio/2_ROS/Doutorado_grasping/devel/.private/industrial_msgs/share/common-lisp/ros/industrial_msgs/srv/_package_StopMotion.lisp, /home/caio/2_ROS/Doutorado_grasping/devel/share/common-lisp/ros/industrial_msgs/srv/_package_StopMotion.lisp)
Linked: (/home/caio/2_ROS/Doutorado_grasping/devel/.private/industrial_msgs/share/common-lisp/ros/industrial_msgs/srv/StopMotion.lisp, /home/caio/2_ROS/Doutorado_grasping/devel/share/common-lisp/ros/industrial_msgs/srv/StopMotion.lisp)
Linked: (/home/caio/2_ROS/Doutorado_grasping/devel/.private/industrial_msgs/share/common-lisp/ros/industrial_msgs/srv/CmdJointTrajectory.lisp, /home/caio/2_ROS/Doutorado_grasping/devel/share/common-lisp/ros/industrial_msgs/srv/CmdJointTrajectory.lisp)
Linked: (/home/caio/2_ROS/Doutorado_grasping/devel/.private/industrial_msgs/share/common-lisp/ros/industrial_msgs/srv/_package_CmdJointTrajectory.lisp, /home/caio/2_ROS/Doutorado_grasping/devel/share/common-lisp/ros/industrial_msgs/srv/_package_CmdJointTrajectory.lisp)
Linked: (/home/caio/2_ROS/Doutorado_grasping/devel/.private/industrial_msgs/share/common-lisp/ros/industrial_msgs/srv/industrial_msgs-srv.asd, /home/caio/2_ROS/Doutorado_grasping/devel/share/common-lisp/ros/industrial_msgs/srv/industrial_msgs-srv.asd)
Linked: (/home/caio/2_ROS/Doutorado_grasping/devel/.private/industrial_msgs/share/common-lisp/ros/industrial_msgs/msg/DeviceInfo.lisp, /home/caio/2_ROS/Doutorado_grasping/devel/share/common-lisp/ros/industrial_msgs/msg/DeviceInfo.lisp)
Linked: (/home/caio/2_ROS/Doutorado_grasping/devel/.private/industrial_msgs/share/common-lisp/ros/industrial_msgs/msg/_package_RobotMode.lisp, /home/caio/2_ROS/Doutorado_grasping/devel/share/common-lisp/ros/industrial_msgs/msg/_package_RobotMode.lisp)
Linked: (/home/caio/2_ROS/Doutorado_grasping/devel/.private/industrial_msgs/share/common-lisp/ros/industrial_msgs/msg/ServiceReturnCode.lisp, /home/caio/2_ROS/Doutorado_grasping/devel/share/common-lisp/ros/industrial_msgs/msg/ServiceReturnCode.lisp)
Linked: (/home/caio/2_ROS/Doutorado_grasping/devel/.private/industrial_msgs/share/common-lisp/ros/industrial_msgs/msg/_package.lisp, /home/caio/2_ROS/Doutorado_grasping/devel/share/common-lisp/ros/industrial_msgs/msg/_package.lisp)
Linked: (/home/caio/2_ROS/Doutorado_grasping/devel/.private/industrial_msgs/share/common-lisp/ros/industrial_msgs/msg/_package_DeviceInfo.lisp, /home/caio/2_ROS/Doutorado_grasping/devel/share/common-lisp/ros/industrial_msgs/msg/_package_DeviceInfo.lisp)
Linked: (/home/caio/2_ROS/Doutorado_grasping/devel/.private/industrial_msgs/share/common-lisp/ros/industrial_msgs/msg/TriState.lisp, /home/caio/2_ROS/Doutorado_grasping/devel/share/common-lisp/ros/industrial_msgs/msg/TriState.lisp)
Linked: (/home/caio/2_ROS/Doutorado_grasping/devel/.private/industrial_msgs/share/common-lisp/ros/industrial_msgs/msg/industrial_msgs-msg.asd, /home/caio/2_ROS/Doutorado_grasping/devel/share/common-lisp/ros/industrial_msgs/msg/industrial_msgs-msg.asd)
Linked: (/home/caio/2_ROS/Doutorado_grasping/devel/.private/industrial_msgs/share/common-lisp/ros/industrial_msgs/msg/_package_TriState.lisp, /home/caio/2_ROS/Doutorado_grasping/devel/share/common-lisp/ros/industrial_msgs/msg/_package_TriState.lisp)
Linked: (/home/caio/2_ROS/Doutorado_grasping/devel/.private/industrial_msgs/share/common-lisp/ros/industrial_msgs/msg/_package_RobotStatus.lisp, /home/caio/2_ROS/Doutorado_grasping/devel/share/common-lisp/ros/industrial_msgs/msg/_package_RobotStatus.lisp)
Linked: (/home/caio/2_ROS/Doutorado_grasping/devel/.private/industrial_msgs/share/common-lisp/ros/industrial_msgs/msg/_package_DebugLevel.lisp, /home/caio/2_ROS/Doutorado_grasping/devel/share/common-lisp/ros/industrial_msgs/msg/_package_DebugLevel.lisp)
Linked: (/home/caio/2_ROS/Doutorado_grasping/devel/.private/industrial_msgs/share/common-lisp/ros/industrial_msgs/msg/DebugLevel.lisp, /home/caio/2_ROS/Doutorado_grasping/devel/share/common-lisp/ros/industrial_msgs/msg/DebugLevel.lisp)
Linked: (/home/caio/2_ROS/Doutorado_grasping/devel/.private/industrial_msgs/share/common-lisp/ros/industrial_msgs/msg/RobotStatus.lisp, /home/caio/2_ROS/Doutorado_grasping/devel/share/common-lisp/ros/industrial_msgs/msg/RobotStatus.lisp)
Linked: (/home/caio/2_ROS/Doutorado_grasping/devel/.private/industrial_msgs/share/common-lisp/ros/industrial_msgs/msg/RobotMode.lisp, /home/caio/2_ROS/Doutorado_grasping/devel/share/common-lisp/ros/industrial_msgs/msg/RobotMode.lisp)
Linked: (/home/caio/2_ROS/Doutorado_grasping/devel/.private/industrial_msgs/share/common-lisp/ros/industrial_msgs/msg/_package_ServiceReturnCode.lisp, /home/caio/2_ROS/Doutorado_grasping/devel/share/common-lisp/ros/industrial_msgs/msg/_package_ServiceReturnCode.lisp)
Linked: (/home/caio/2_ROS/Doutorado_grasping/devel/.private/industrial_msgs/share/roseus/ros/industrial_msgs/manifest.l, /home/caio/2_ROS/Doutorado_grasping/devel/share/roseus/ros/industrial_msgs/manifest.l)
Linked: (/home/caio/2_ROS/Doutorado_grasping/devel/.private/industrial_msgs/share/roseus/ros/industrial_msgs/srv/StopMotion.l, /home/caio/2_ROS/Doutorado_grasping/devel/share/roseus/ros/industrial_msgs/srv/StopMotion.l)
Linked: (/home/caio/2_ROS/Doutorado_grasping/devel/.private/industrial_msgs/share/roseus/ros/industrial_msgs/srv/CmdJointTrajectory.l, /home/caio/2_ROS/Doutorado_grasping/devel/share/roseus/ros/industrial_msgs/srv/CmdJointTrajectory.l)
Linked: (/home/caio/2_ROS/Doutorado_grasping/devel/.private/industrial_msgs/share/roseus/ros/industrial_msgs/srv/StartMotion.l, /home/caio/2_ROS/Doutorado_grasping/devel/share/roseus/ros/industrial_msgs/srv/StartMotion.l)
Linked: (/home/caio/2_ROS/Doutorado_grasping/devel/.private/industrial_msgs/share/roseus/ros/industrial_msgs/srv/SetDrivePower.l, /home/caio/2_ROS/Doutorado_grasping/devel/share/roseus/ros/industrial_msgs/srv/SetDrivePower.l)
Linked: (/home/caio/2_ROS/Doutorado_grasping/devel/.private/industrial_msgs/share/roseus/ros/industrial_msgs/srv/SetRemoteLoggerLevel.l, /home/caio/2_ROS/Doutorado_grasping/devel/share/roseus/ros/industrial_msgs/srv/SetRemoteLoggerLevel.l)
Linked: (/home/caio/2_ROS/Doutorado_grasping/devel/.private/industrial_msgs/share/roseus/ros/industrial_msgs/srv/GetRobotInfo.l, /home/caio/2_ROS/Doutorado_grasping/devel/share/roseus/ros/industrial_msgs/srv/GetRobotInfo.l)
Linked: (/home/caio/2_ROS/Doutorado_grasping/devel/.private/industrial_msgs/share/roseus/ros/industrial_msgs/msg/DeviceInfo.l, /home/caio/2_ROS/Doutorado_grasping/devel/share/roseus/ros/industrial_msgs/msg/DeviceInfo.l)
Linked: (/home/caio/2_ROS/Doutorado_grasping/devel/.private/industrial_msgs/share/roseus/ros/industrial_msgs/msg/RobotMode.l, /home/caio/2_ROS/Doutorado_grasping/devel/share/roseus/ros/industrial_msgs/msg/RobotMode.l)
Linked: (/home/caio/2_ROS/Doutorado_grasping/devel/.private/industrial_msgs/share/roseus/ros/industrial_msgs/msg/DebugLevel.l, /home/caio/2_ROS/Doutorado_grasping/devel/share/roseus/ros/industrial_msgs/msg/DebugLevel.l)
Linked: (/home/caio/2_ROS/Doutorado_grasping/devel/.private/industrial_msgs/share/roseus/ros/industrial_msgs/msg/RobotStatus.l, /home/caio/2_ROS/Doutorado_grasping/devel/share/roseus/ros/industrial_msgs/msg/RobotStatus.l)
Linked: (/home/caio/2_ROS/Doutorado_grasping/devel/.private/industrial_msgs/share/roseus/ros/industrial_msgs/msg/ServiceReturnCode.l, /home/caio/2_ROS/Doutorado_grasping/devel/share/roseus/ros/industrial_msgs/msg/ServiceReturnCode.l)
Linked: (/home/caio/2_ROS/Doutorado_grasping/devel/.private/industrial_msgs/share/roseus/ros/industrial_msgs/msg/TriState.l, /home/caio/2_ROS/Doutorado_grasping/devel/share/roseus/ros/industrial_msgs/msg/TriState.l)
Linked: (/home/caio/2_ROS/Doutorado_grasping/devel/.private/industrial_msgs/share/industrial_msgs/cmake/industrial_msgs-msg-extras.cmake, /home/caio/2_ROS/Doutorado_grasping/devel/share/industrial_msgs/cmake/industrial_msgs-msg-extras.cmake)
Linked: (/home/caio/2_ROS/Doutorado_grasping/devel/.private/industrial_msgs/share/industrial_msgs/cmake/industrial_msgs-msg-paths.cmake, /home/caio/2_ROS/Doutorado_grasping/devel/share/industrial_msgs/cmake/industrial_msgs-msg-paths.cmake)
Linked: (/home/caio/2_ROS/Doutorado_grasping/devel/.private/industrial_msgs/share/industrial_msgs/cmake/industrial_msgsConfig-version.cmake, /home/caio/2_ROS/Doutorado_grasping/devel/share/industrial_msgs/cmake/industrial_msgsConfig-version.cmake)
Linked: (/home/caio/2_ROS/Doutorado_grasping/devel/.private/industrial_msgs/share/industrial_msgs/cmake/industrial_msgsConfig.cmake, /home/caio/2_ROS/Doutorado_grasping/devel/share/industrial_msgs/cmake/industrial_msgsConfig.cmake)
