In file included from [01m[K/opt/ros/kinetic/include/librealsense2/hpp/rs_sensor.hpp:8:0[m[K,
                 from [01m[K/opt/ros/kinetic/include/librealsense2/hpp/rs_device.hpp:8[m[K,
                 from [01m[K/opt/ros/kinetic/include/librealsense2/hpp/rs_record_playback.hpp:8[m[K,
                 from [01m[K/opt/ros/kinetic/include/librealsense2/hpp/rs_context.hpp:8[m[K,
                 from [01m[K/opt/ros/kinetic/include/librealsense2/rs.hpp:9[m[K,
                 from [01m[K/home/caio/2_ROS/Doutorado_grasping/src/realsense-ros/realsense2_camera/include/../include/realsense_node_factory.h:11[m[K,
                 from [01m[K/home/caio/2_ROS/Doutorado_grasping/src/realsense-ros/realsense2_camera/include/base_realsense_node.h:6[m[K,
                 from [01m[K/home/caio/2_ROS/Doutorado_grasping/src/realsense-ros/realsense2_camera/src/../include/t265_realsense_node.h:3[m[K,
                 from [01m[K/home/caio/2_ROS/Doutorado_grasping/src/realsense-ros/realsense2_camera/src/t265_realsense_node.cpp:1[m[K:
[01m[K/opt/ros/kinetic/include/librealsense2/hpp/rs_frame.hpp:[m[K In lambda function:
[01m[K/opt/ros/kinetic/include/librealsense2/hpp/rs_frame.hpp:1008:58:[m[K [01;35m[Kwarning: [m[Kcomparison between signed and unsigned integer expressions [-Wsign-compare]
                         frm.get_profile().stream_index() == index) f = frm;
[01;32m[K                                                          ^[m[K
[01m[K/opt/ros/kinetic/include/librealsense2/hpp/rs_frame.hpp:[m[K In lambda function:
[01m[K/opt/ros/kinetic/include/librealsense2/hpp/rs_frame.hpp:1030:58:[m[K [01;35m[Kwarning: [m[Kcomparison between signed and unsigned integer expressions [-Wsign-compare]
                         frm.get_profile().stream_index() == index) f = frm;
[01;32m[K                                                          ^[m[K
[01m[K/opt/ros/kinetic/include/librealsense2/hpp/rs_frame.hpp:[m[K In lambda function:
[01m[K/opt/ros/kinetic/include/librealsense2/hpp/rs_frame.hpp:1052:58:[m[K [01;35m[Kwarning: [m[Kcomparison between signed and unsigned integer expressions [-Wsign-compare]
                         frm.get_profile().stream_index() == index) f = frm;
[01;32m[K                                                          ^[m[K
In file included from [01m[K/opt/ros/kinetic/include/librealsense2/hpp/rs_sensor.hpp:8:0[m[K,
                 from [01m[K/opt/ros/kinetic/include/librealsense2/hpp/rs_device.hpp:8[m[K,
                 from [01m[K/opt/ros/kinetic/include/librealsense2/hpp/rs_record_playback.hpp:8[m[K,
                 from [01m[K/opt/ros/kinetic/include/librealsense2/hpp/rs_context.hpp:8[m[K,
                 from [01m[K/opt/ros/kinetic/include/librealsense2/rs.hpp:9[m[K,
                 from [01m[K/home/caio/2_ROS/Doutorado_grasping/src/realsense-ros/realsense2_camera/src/../include/realsense_node_factory.h:11[m[K,
                 from [01m[K/home/caio/2_ROS/Doutorado_grasping/src/realsense-ros/realsense2_camera/src/realsense_node_factory.cpp:4[m[K:
[01m[K/opt/ros/kinetic/include/librealsense2/hpp/rs_frame.hpp:[m[K In lambda function:
[01m[K/opt/ros/kinetic/include/librealsense2/hpp/rs_frame.hpp:1008:58:[m[K [01;35m[Kwarning: [m[Kcomparison between signed and unsigned integer expressions [-Wsign-compare]
                         frm.get_profile().stream_index() == index) f = frm;
[01;32m[K                                                          ^[m[K
[01m[K/opt/ros/kinetic/include/librealsense2/hpp/rs_frame.hpp:[m[K In lambda function:
[01m[K/opt/ros/kinetic/include/librealsense2/hpp/rs_frame.hpp:1030:58:[m[K [01;35m[Kwarning: [m[Kcomparison between signed and unsigned integer expressions [-Wsign-compare]
                         frm.get_profile().stream_index() == index) f = frm;
[01;32m[K                                                          ^[m[K
[01m[K/opt/ros/kinetic/include/librealsense2/hpp/rs_frame.hpp:[m[K In lambda function:
[01m[K/opt/ros/kinetic/include/librealsense2/hpp/rs_frame.hpp:1052:58:[m[K [01;35m[Kwarning: [m[Kcomparison between signed and unsigned integer expressions [-Wsign-compare]
                         frm.get_profile().stream_index() == index) f = frm;
[01;32m[K                                                          ^[m[K
In file included from [01m[K/opt/ros/kinetic/include/librealsense2/hpp/rs_sensor.hpp:8:0[m[K,
                 from [01m[K/opt/ros/kinetic/include/librealsense2/hpp/rs_device.hpp:8[m[K,
                 from [01m[K/opt/ros/kinetic/include/librealsense2/hpp/rs_record_playback.hpp:8[m[K,
                 from [01m[K/opt/ros/kinetic/include/librealsense2/hpp/rs_context.hpp:8[m[K,
                 from [01m[K/opt/ros/kinetic/include/librealsense2/rs.hpp:9[m[K,
                 from [01m[K/home/caio/2_ROS/Doutorado_grasping/src/realsense-ros/realsense2_camera/src/../include/../include/realsense_node_factory.h:11[m[K,
                 from [01m[K/home/caio/2_ROS/Doutorado_grasping/src/realsense-ros/realsense2_camera/src/../include/base_realsense_node.h:6[m[K,
                 from [01m[K/home/caio/2_ROS/Doutorado_grasping/src/realsense-ros/realsense2_camera/src/base_realsense_node.cpp:1[m[K:
[01m[K/opt/ros/kinetic/include/librealsense2/hpp/rs_frame.hpp:[m[K In lambda function:
[01m[K/opt/ros/kinetic/include/librealsense2/hpp/rs_frame.hpp:1008:58:[m[K [01;35m[Kwarning: [m[Kcomparison between signed and unsigned integer expressions [-Wsign-compare]
                         frm.get_profile().stream_index() == index) f = frm;
[01;32m[K                                                          ^[m[K
[01m[K/opt/ros/kinetic/include/librealsense2/hpp/rs_frame.hpp:[m[K In lambda function:
[01m[K/opt/ros/kinetic/include/librealsense2/hpp/rs_frame.hpp:1030:58:[m[K [01;35m[Kwarning: [m[Kcomparison between signed and unsigned integer expressions [-Wsign-compare]
                         frm.get_profile().stream_index() == index) f = frm;
[01;32m[K                                                          ^[m[K
[01m[K/opt/ros/kinetic/include/librealsense2/hpp/rs_frame.hpp:[m[K In lambda function:
[01m[K/opt/ros/kinetic/include/librealsense2/hpp/rs_frame.hpp:1052:58:[m[K [01;35m[Kwarning: [m[Kcomparison between signed and unsigned integer expressions [-Wsign-compare]
                         frm.get_profile().stream_index() == index) f = frm;
[01;32m[K                                                          ^[m[K
In file included from [01m[K/home/caio/2_ROS/Doutorado_grasping/src/realsense-ros/realsense2_camera/include/../include/realsense_node_factory.h:12:0[m[K,
                 from [01m[K/home/caio/2_ROS/Doutorado_grasping/src/realsense-ros/realsense2_camera/include/base_realsense_node.h:6[m[K,
                 from [01m[K/home/caio/2_ROS/Doutorado_grasping/src/realsense-ros/realsense2_camera/src/../include/t265_realsense_node.h:3[m[K,
                 from [01m[K/home/caio/2_ROS/Doutorado_grasping/src/realsense-ros/realsense2_camera/src/t265_realsense_node.cpp:1[m[K:
[01m[K/opt/ros/kinetic/include/librealsense2/rsutil.h:[m[K At global scope:
[01m[K/opt/ros/kinetic/include/librealsense2/rsutil.h:134:13:[m[K [01;35m[Kwarning: [m[K‘[01m[Kvoid rs2_fov(const rs2_intrinsics*, float*)[m[K’ defined but not used [-Wunused-function]
 static void rs2_fov(const struct rs2_intrinsics * intrin, float to_fov[2])
[01;32m[K             ^[m[K
[01m[K/opt/ros/kinetic/include/librealsense2/rsutil.h:170:13:[m[K [01;35m[Kwarning: [m[K‘[01m[Kvoid rs2_project_color_pixel_to_depth_pixel(float*, const uint16_t*, float, float, float, const rs2_intrinsics*, const rs2_intrinsics*, const rs2_extrinsics*, const rs2_extrinsics*, const float*)[m[K’ defined but not used [-Wunused-function]
 static void rs2_project_color_pixel_to_depth_pixel(float to_pixel[2],
[01;32m[K             ^[m[K
In file included from [01m[K/home/caio/2_ROS/Doutorado_grasping/src/realsense-ros/realsense2_camera/src/../include/realsense_node_factory.h:12:0[m[K,
                 from [01m[K/home/caio/2_ROS/Doutorado_grasping/src/realsense-ros/realsense2_camera/src/realsense_node_factory.cpp:4[m[K:
[01m[K/opt/ros/kinetic/include/librealsense2/rsutil.h:[m[K At global scope:
[01m[K/opt/ros/kinetic/include/librealsense2/rsutil.h:134:13:[m[K [01;35m[Kwarning: [m[K‘[01m[Kvoid rs2_fov(const rs2_intrinsics*, float*)[m[K’ defined but not used [-Wunused-function]
 static void rs2_fov(const struct rs2_intrinsics * intrin, float to_fov[2])
[01;32m[K             ^[m[K
[01m[K/opt/ros/kinetic/include/librealsense2/rsutil.h:170:13:[m[K [01;35m[Kwarning: [m[K‘[01m[Kvoid rs2_project_color_pixel_to_depth_pixel(float*, const uint16_t*, float, float, float, const rs2_intrinsics*, const rs2_intrinsics*, const rs2_extrinsics*, const rs2_extrinsics*, const float*)[m[K’ defined but not used [-Wunused-function]
 static void rs2_project_color_pixel_to_depth_pixel(float to_pixel[2],
[01;32m[K             ^[m[K
In file included from [01m[K/home/caio/2_ROS/Doutorado_grasping/src/realsense-ros/realsense2_camera/src/../include/../include/realsense_node_factory.h:12:0[m[K,
                 from [01m[K/home/caio/2_ROS/Doutorado_grasping/src/realsense-ros/realsense2_camera/src/../include/base_realsense_node.h:6[m[K,
                 from [01m[K/home/caio/2_ROS/Doutorado_grasping/src/realsense-ros/realsense2_camera/src/base_realsense_node.cpp:1[m[K:
[01m[K/opt/ros/kinetic/include/librealsense2/rsutil.h:[m[K At global scope:
[01m[K/opt/ros/kinetic/include/librealsense2/rsutil.h:134:13:[m[K [01;35m[Kwarning: [m[K‘[01m[Kvoid rs2_fov(const rs2_intrinsics*, float*)[m[K’ defined but not used [-Wunused-function]
 static void rs2_fov(const struct rs2_intrinsics * intrin, float to_fov[2])
[01;32m[K             ^[m[K
[01m[K/opt/ros/kinetic/include/librealsense2/rsutil.h:170:13:[m[K [01;35m[Kwarning: [m[K‘[01m[Kvoid rs2_project_color_pixel_to_depth_pixel(float*, const uint16_t*, float, float, float, const rs2_intrinsics*, const rs2_intrinsics*, const rs2_extrinsics*, const rs2_extrinsics*, const float*)[m[K’ defined but not used [-Wunused-function]
 static void rs2_project_color_pixel_to_depth_pixel(float to_pixel[2],
[01;32m[K             ^[m[K
