[  0%] Built target std_msgs_generate_messages_nodejs
[  0%] Built target _control_toolbox_generate_messages_check_deps_SetPidGains
[  0%] Built target std_msgs_generate_messages_lisp
[  0%] Built target std_msgs_generate_messages_eus
[  0%] Built target std_msgs_generate_messages_cpp
[  0%] Built target std_msgs_generate_messages_py
[  0%] Built target rosgraph_msgs_generate_messages_eus
[  0%] Built target rosgraph_msgs_generate_messages_py
[  6%] Built target control_toolbox_gencfg
[  6%] Built target control_msgs_generate_messages_cpp
[  6%] Built target dynamic_reconfigure_generate_messages_lisp
[  6%] Built target roscpp_generate_messages_lisp
[  6%] Built target actionlib_msgs_generate_messages_py
[  6%] Built target geometry_msgs_generate_messages_eus
[  6%] Built target roscpp_generate_messages_cpp
[  6%] Built target rosgraph_msgs_generate_messages_cpp
[  6%] Built target trajectory_msgs_generate_messages_py
[  6%] Built target actionlib_msgs_generate_messages_eus
[  6%] Built target actionlib_msgs_generate_messages_cpp
[  6%] Built target trajectory_msgs_generate_messages_eus
[  6%] Built target control_msgs_generate_messages_eus
[  6%] Built target rosgraph_msgs_generate_messages_nodejs
[  6%] Built target geometry_msgs_generate_messages_nodejs
[  6%] Built target dynamic_reconfigure_generate_messages_nodejs
[  6%] Built target _catkin_empty_exported_target
[  6%] Built target geometry_msgs_generate_messages_lisp
[  6%] Built target actionlib_msgs_generate_messages_lisp
[  6%] Built target roscpp_generate_messages_nodejs
[  6%] Built target actionlib_msgs_generate_messages_nodejs
[  6%] Built target rosgraph_msgs_generate_messages_lisp
[  6%] Built target control_msgs_generate_messages_nodejs
[  6%] Built target geometry_msgs_generate_messages_py
[  6%] Built target control_msgs_generate_messages_py
[  6%] Built target geometry_msgs_generate_messages_cpp
[  6%] Built target trajectory_msgs_generate_messages_cpp
[  6%] Built target trajectory_msgs_generate_messages_nodejs
[  6%] Built target control_msgs_generate_messages_lisp
[  6%] Built target trajectory_msgs_generate_messages_lisp
[  6%] Built target dynamic_reconfigure_generate_messages_py
[  6%] Built target roscpp_generate_messages_eus
[  6%] Built target dynamic_reconfigure_generate_messages_eus
[  6%] Built target dynamic_reconfigure_generate_messages_cpp
[  6%] Built target roscpp_generate_messages_py
[  6%] Built target dynamic_reconfigure_gencfg
[ 13%] Built target control_toolbox_generate_messages_nodejs
[ 26%] Built target control_toolbox_generate_messages_eus
[ 33%] Built target control_toolbox_generate_messages_cpp
[ 40%] Built target control_toolbox_generate_messages_lisp
[ 53%] Built target control_toolbox_generate_messages_py
[ 53%] Built target control_toolbox_generate_messages
[ 60%] [32mBuilding CXX object CMakeFiles/control_toolbox.dir/src/pid.cpp.o[0m
[ 66%] [32mBuilding CXX object CMakeFiles/control_toolbox.dir/src/pid_gains_setter.cpp.o[0m
[ 73%] [32m[1mLinking CXX shared library /home/caio/2_ROS/Doutorado_grasping/devel/.private/control_toolbox/lib/libcontrol_toolbox.so[0m
[100%] Built target control_toolbox
