In file included from [01m[K/home/caio/2_ROS/Doutorado_grasping/src/ros_control/hardware_interface/include/hardware_interface/robot_hw.h:35:0[m[K,
                 from [01m[K/home/caio/2_ROS/Doutorado_grasping/src/ros_control/controller_interface/include/controller_interface/controller_base.h:37[m[K,
                 from [01m[K/home/caio/2_ROS/Doutorado_grasping/src/ros_control/controller_manager/include/controller_manager/controller_spec.h:41[m[K,
                 from [01m[K/home/caio/2_ROS/Doutorado_grasping/src/ros_control/controller_manager/include/controller_manager/controller_manager.h:36[m[K,
                 from [01m[K/home/caio/2_ROS/Doutorado_grasping/src/ur_modern_driver/include/ur_modern_driver/ros/controller.h:2[m[K,
                 from [01m[K/home/caio/2_ROS/Doutorado_grasping/src/ur_modern_driver/src/ros/controller.cpp:1[m[K:
[01m[K/home/caio/2_ROS/Doutorado_grasping/src/ros_control/hardware_interface/include/hardware_interface/internal/interface_manager.h:69:85:[m[K [01;35m[Kwarning: [m[Ktype qualifiers ignored on function return type [-Wignored-qualifiers]
   static const void callConcatManagers(typename std::vector<T*>& managers, T* result)
[01;32m[K                                                                                     ^[m[K
In file included from [01m[K/home/caio/2_ROS/Doutorado_grasping/src/ros_control/hardware_interface/include/hardware_interface/robot_hw.h:35:0[m[K,
                 from [01m[K/home/caio/2_ROS/Doutorado_grasping/src/ros_control/controller_interface/include/controller_interface/controller_base.h:37[m[K,
                 from [01m[K/home/caio/2_ROS/Doutorado_grasping/src/ros_control/controller_manager/include/controller_manager/controller_spec.h:41[m[K,
                 from [01m[K/home/caio/2_ROS/Doutorado_grasping/src/ros_control/controller_manager/include/controller_manager/controller_manager.h:36[m[K,
                 from [01m[K/home/caio/2_ROS/Doutorado_grasping/src/ur_modern_driver/include/ur_modern_driver/ros/hardware_interface.h:2[m[K,
                 from [01m[K/home/caio/2_ROS/Doutorado_grasping/src/ur_modern_driver/src/ros/hardware_interface.cpp:1[m[K:
[01m[K/home/caio/2_ROS/Doutorado_grasping/src/ros_control/hardware_interface/include/hardware_interface/internal/interface_manager.h:69:85:[m[K [01;35m[Kwarning: [m[Ktype qualifiers ignored on function return type [-Wignored-qualifiers]
   static const void callConcatManagers(typename std::vector<T*>& managers, T* result)
[01;32m[K                                                                                     ^[m[K
In file included from [01m[K/home/caio/2_ROS/Doutorado_grasping/src/ur_modern_driver/src/ros/hardware_interface.cpp:1:0[m[K:
[01m[K/home/caio/2_ROS/Doutorado_grasping/src/ur_modern_driver/include/ur_modern_driver/ros/hardware_interface.h:[m[K In constructor ‘[01m[KVelocityInterface::VelocityInterface(URCommander&, hardware_interface::JointStateInterface&, std::vector<std::__cxx11::basic_string<char> >&, double)[m[K’:
[01m[K/home/caio/2_ROS/Doutorado_grasping/src/ur_modern_driver/include/ur_modern_driver/ros/hardware_interface.h:57:10:[m[K [01;35m[Kwarning: [m[K‘[01m[KVelocityInterface::max_vel_change_[m[K’ will be initialized after [-Wreorder]
   double max_vel_change_;
[01;32m[K          ^[m[K
[01m[K/home/caio/2_ROS/Doutorado_grasping/src/ur_modern_driver/include/ur_modern_driver/ros/hardware_interface.h:56:40:[m[K [01;35m[Kwarning: [m[K  ‘[01m[Kstd::array<double, 6ul> VelocityInterface::prev_velocity_cmd_[m[K’ [-Wreorder]
   std::array<double, 6> velocity_cmd_, prev_velocity_cmd_;
[01;32m[K                                        ^[m[K
[01m[K/home/caio/2_ROS/Doutorado_grasping/src/ur_modern_driver/src/ros/hardware_interface.cpp:32:1:[m[K [01;35m[Kwarning: [m[K  when initialized here [-Wreorder]
 VelocityInterface::VelocityInterface(URCommander &commander, hardware_interface::JointStateInterface &js_interface,
[01;32m[K ^[m[K
In file included from [01m[K/home/caio/2_ROS/Doutorado_grasping/src/ros_control/hardware_interface/include/hardware_interface/robot_hw.h:35:0[m[K,
                 from [01m[K/home/caio/2_ROS/Doutorado_grasping/src/ros_control/controller_interface/include/controller_interface/controller_base.h:37[m[K,
                 from [01m[K/home/caio/2_ROS/Doutorado_grasping/src/ros_control/controller_manager/include/controller_manager/controller_spec.h:41[m[K,
                 from [01m[K/home/caio/2_ROS/Doutorado_grasping/src/ros_control/controller_manager/include/controller_manager/controller_manager.h:36[m[K,
                 from [01m[K/home/caio/2_ROS/Doutorado_grasping/src/ur_modern_driver/include/ur_modern_driver/ros/controller.h:2[m[K,
                 from [01m[K/home/caio/2_ROS/Doutorado_grasping/src/ur_modern_driver/src/ros_main.cpp:10[m[K:
[01m[K/home/caio/2_ROS/Doutorado_grasping/src/ros_control/hardware_interface/include/hardware_interface/internal/interface_manager.h:69:85:[m[K [01;35m[Kwarning: [m[Ktype qualifiers ignored on function return type [-Wignored-qualifiers]
   static const void callConcatManagers(typename std::vector<T*>& managers, T* result)
[01;32m[K                                                                                     ^[m[K
