[35m[1mScanning dependencies of target std_msgs_generate_messages_nodejs[0m
[35m[1mScanning dependencies of target trajectory_msgs_generate_messages_cpp[0m
[35m[1mScanning dependencies of target std_msgs_generate_messages_lisp[0m
[35m[1mScanning dependencies of target control_msgs_generate_messages_py[0m
[35m[1mScanning dependencies of target actionlib_msgs_generate_messages_lisp[0m
[35m[1mScanning dependencies of target control_msgs_generate_messages_cpp[0m
[  0%] Built target std_msgs_generate_messages_lisp
[  0%] Built target std_msgs_generate_messages_nodejs
[  0%] Built target trajectory_msgs_generate_messages_cpp
[  0%] Built target control_msgs_generate_messages_py
[  0%] Built target actionlib_msgs_generate_messages_lisp
[  0%] Built target control_msgs_generate_messages_cpp
[35m[1mScanning dependencies of target actionlib_generate_messages_nodejs[0m
[35m[1mScanning dependencies of target actionlib_msgs_generate_messages_cpp[0m
[35m[1mScanning dependencies of target sensor_msgs_generate_messages_eus[0m
[35m[1mScanning dependencies of target actionlib_generate_messages_lisp[0m
[35m[1mScanning dependencies of target actionlib_msgs_generate_messages_nodejs[0m
[35m[1mScanning dependencies of target actionlib_msgs_generate_messages_eus[0m
[  0%] Built target actionlib_generate_messages_nodejs
[  0%] Built target sensor_msgs_generate_messages_eus
[  0%] Built target actionlib_msgs_generate_messages_cpp
[  0%] Built target actionlib_generate_messages_lisp
[  0%] Built target actionlib_msgs_generate_messages_eus
[  0%] Built target actionlib_msgs_generate_messages_nodejs
[35m[1mScanning dependencies of target tf2_msgs_generate_messages_py[0m
[35m[1mScanning dependencies of target industrial_msgs_generate_messages_lisp[0m
[35m[1mScanning dependencies of target tf2_msgs_generate_messages_cpp[0m
[35m[1mScanning dependencies of target control_msgs_generate_messages_nodejs[0m
[35m[1mScanning dependencies of target control_msgs_generate_messages_eus[0m
[35m[1mScanning dependencies of target controller_manager_msgs_generate_messages_lisp[0m
[  0%] Built target tf2_msgs_generate_messages_py
[  0%] Built target control_msgs_generate_messages_nodejs
[  0%] Built target tf2_msgs_generate_messages_cpp
[  0%] Built target industrial_msgs_generate_messages_lisp
[  0%] Built target control_msgs_generate_messages_eus
[  0%] Built target controller_manager_msgs_generate_messages_lisp
[35m[1mScanning dependencies of target ur_msgs_generate_messages_cpp[0m
[35m[1mScanning dependencies of target roscpp_generate_messages_py[0m
[35m[1mScanning dependencies of target geometry_msgs_generate_messages_nodejs[0m
[35m[1mScanning dependencies of target geometry_msgs_generate_messages_eus[0m
[35m[1mScanning dependencies of target controller_manager_msgs_generate_messages_nodejs[0m
[35m[1mScanning dependencies of target actionlib_msgs_generate_messages_py[0m
[  0%] Built target roscpp_generate_messages_py
[  0%] Built target ur_msgs_generate_messages_cpp
[  0%] Built target geometry_msgs_generate_messages_eus
[  0%] Built target geometry_msgs_generate_messages_nodejs
[  0%] Built target actionlib_msgs_generate_messages_py
[  0%] Built target controller_manager_msgs_generate_messages_nodejs
[35m[1mScanning dependencies of target sensor_msgs_generate_messages_lisp[0m
[35m[1mScanning dependencies of target roscpp_generate_messages_cpp[0m
[35m[1mScanning dependencies of target roscpp_generate_messages_eus[0m
[35m[1mScanning dependencies of target geometry_msgs_generate_messages_py[0m
[35m[1mScanning dependencies of target industrial_msgs_generate_messages_eus[0m
[35m[1mScanning dependencies of target geometry_msgs_generate_messages_lisp[0m
[  0%] Built target sensor_msgs_generate_messages_lisp
[  0%] Built target roscpp_generate_messages_cpp
[  0%] Built target roscpp_generate_messages_eus
[  0%] Built target industrial_msgs_generate_messages_eus
[  0%] Built target geometry_msgs_generate_messages_py
[  0%] Built target geometry_msgs_generate_messages_lisp
[35m[1mScanning dependencies of target std_srvs_generate_messages_lisp[0m
[35m[1mScanning dependencies of target controller_manager_msgs_generate_messages_cpp[0m
[35m[1mScanning dependencies of target tf_generate_messages_cpp[0m
[35m[1mScanning dependencies of target std_srvs_generate_messages_eus[0m
[35m[1mScanning dependencies of target rosgraph_msgs_generate_messages_cpp[0m
[35m[1mScanning dependencies of target rosgraph_msgs_generate_messages_nodejs[0m
[  0%] Built target controller_manager_msgs_generate_messages_cpp
[  0%] Built target std_srvs_generate_messages_lisp
[  0%] Built target tf_generate_messages_cpp
[  0%] Built target std_srvs_generate_messages_eus
[  0%] Built target rosgraph_msgs_generate_messages_cpp
[  0%] Built target rosgraph_msgs_generate_messages_nodejs
[35m[1mScanning dependencies of target roscpp_generate_messages_nodejs[0m
[35m[1mScanning dependencies of target sensor_msgs_generate_messages_py[0m
[35m[1mScanning dependencies of target std_srvs_generate_messages_nodejs[0m
[35m[1mScanning dependencies of target actionlib_generate_messages_cpp[0m
[35m[1mScanning dependencies of target rosgraph_msgs_generate_messages_lisp[0m
[35m[1mScanning dependencies of target rosgraph_msgs_generate_messages_py[0m
[  0%] Built target roscpp_generate_messages_nodejs
[  0%] Built target sensor_msgs_generate_messages_py
[  0%] Built target std_srvs_generate_messages_nodejs
[  0%] Built target rosgraph_msgs_generate_messages_lisp
[  0%] Built target actionlib_generate_messages_cpp
[  0%] Built target rosgraph_msgs_generate_messages_py
[35m[1mScanning dependencies of target rosgraph_msgs_generate_messages_eus[0m
[35m[1mScanning dependencies of target tf_generate_messages_lisp[0m
[35m[1mScanning dependencies of target std_msgs_generate_messages_py[0m
[35m[1mScanning dependencies of target actionlib_generate_messages_py[0m
[35m[1mScanning dependencies of target ur_msgs_generate_messages_eus[0m
[35m[1mScanning dependencies of target controller_manager_msgs_generate_messages_eus[0m
[  0%] Built target tf_generate_messages_lisp
[  0%] Built target rosgraph_msgs_generate_messages_eus
[  0%] Built target actionlib_generate_messages_py
[  0%] Built target std_msgs_generate_messages_py
[  0%] Built target ur_msgs_generate_messages_eus
[  0%] Built target controller_manager_msgs_generate_messages_eus
[35m[1mScanning dependencies of target control_msgs_generate_messages_lisp[0m
[35m[1mScanning dependencies of target geometry_msgs_generate_messages_cpp[0m
[35m[1mScanning dependencies of target roscpp_generate_messages_lisp[0m
[35m[1mScanning dependencies of target std_msgs_generate_messages_eus[0m
[35m[1mScanning dependencies of target trajectory_msgs_generate_messages_lisp[0m
[35m[1mScanning dependencies of target actionlib_generate_messages_eus[0m
[  0%] Built target control_msgs_generate_messages_lisp
[  0%] Built target roscpp_generate_messages_lisp
[  0%] Built target geometry_msgs_generate_messages_cpp
[  0%] Built target std_msgs_generate_messages_eus
[  0%] Built target actionlib_generate_messages_eus
[  0%] Built target trajectory_msgs_generate_messages_lisp
[35m[1mScanning dependencies of target tf_generate_messages_nodejs[0m
[35m[1mScanning dependencies of target std_srvs_generate_messages_py[0m
[35m[1mScanning dependencies of target trajectory_msgs_generate_messages_nodejs[0m
[35m[1mScanning dependencies of target trajectory_msgs_generate_messages_eus[0m
[35m[1mScanning dependencies of target trajectory_msgs_generate_messages_py[0m
[35m[1mScanning dependencies of target industrial_msgs_generate_messages_cpp[0m
[  0%] Built target tf_generate_messages_nodejs
[  0%] Built target std_srvs_generate_messages_py
[  0%] Built target trajectory_msgs_generate_messages_eus
[  0%] Built target trajectory_msgs_generate_messages_nodejs
[  0%] Built target trajectory_msgs_generate_messages_py
[  0%] Built target industrial_msgs_generate_messages_cpp
[35m[1mScanning dependencies of target industrial_msgs_generate_messages_nodejs[0m
[35m[1mScanning dependencies of target industrial_msgs_generate_messages_py[0m
[35m[1mScanning dependencies of target sensor_msgs_generate_messages_cpp[0m
[35m[1mScanning dependencies of target std_msgs_generate_messages_cpp[0m
[35m[1mScanning dependencies of target sensor_msgs_generate_messages_nodejs[0m
[35m[1mScanning dependencies of target std_srvs_generate_messages_cpp[0m
[  0%] Built target industrial_msgs_generate_messages_nodejs
[  0%] Built target industrial_msgs_generate_messages_py
[  0%] Built target sensor_msgs_generate_messages_cpp
[  0%] Built target std_msgs_generate_messages_cpp
[  0%] Built target sensor_msgs_generate_messages_nodejs
[  0%] Built target std_srvs_generate_messages_cpp
[35m[1mScanning dependencies of target ur_msgs_generate_messages_lisp[0m
[35m[1mScanning dependencies of target ur_msgs_generate_messages_nodejs[0m
[35m[1mScanning dependencies of target ur_msgs_generate_messages_py[0m
[35m[1mScanning dependencies of target controller_manager_msgs_generate_messages_py[0m
[35m[1mScanning dependencies of target tf_generate_messages_eus[0m
[  0%] Built target ur_msgs_generate_messages_lisp
[35m[1mScanning dependencies of target tf_generate_messages_py[0m
[  0%] Built target ur_msgs_generate_messages_nodejs
[  0%] Built target ur_msgs_generate_messages_py
[  0%] Built target controller_manager_msgs_generate_messages_py
[  0%] Built target tf_generate_messages_eus
[35m[1mScanning dependencies of target tf2_msgs_generate_messages_eus[0m
[  0%] Built target tf_generate_messages_py
[35m[1mScanning dependencies of target tf2_msgs_generate_messages_lisp[0m
[35m[1mScanning dependencies of target ur_hardware_interface[0m
[35m[1mScanning dependencies of target tf2_msgs_generate_messages_nodejs[0m
[  0%] Built target tf2_msgs_generate_messages_eus
[  0%] Built target tf2_msgs_generate_messages_lisp
[  0%] Built target tf2_msgs_generate_messages_nodejs
[  5%] [32mBuilding CXX object CMakeFiles/ur_hardware_interface.dir/src/ros/controller.cpp.o[0m
[ 10%] [32mBuilding CXX object CMakeFiles/ur_hardware_interface.dir/src/ros/hardware_interface.cpp.o[0m
In file included from [01m[K/home/caio/2_ROS/Doutorado_grasping/src/ros_control/hardware_interface/include/hardware_interface/robot_hw.h:35:0[m[K,
                 from [01m[K/home/caio/2_ROS/Doutorado_grasping/src/ros_control/controller_interface/include/controller_interface/controller_base.h:37[m[K,
                 from [01m[K/home/caio/2_ROS/Doutorado_grasping/src/ros_control/controller_manager/include/controller_manager/controller_spec.h:41[m[K,
                 from [01m[K/home/caio/2_ROS/Doutorado_grasping/src/ros_control/controller_manager/include/controller_manager/controller_manager.h:36[m[K,
                 from [01m[K/home/caio/2_ROS/Doutorado_grasping/src/ur_modern_driver/include/ur_modern_driver/ros/controller.h:2[m[K,
                 from [01m[K/home/caio/2_ROS/Doutorado_grasping/src/ur_modern_driver/src/ros/controller.cpp:1[m[K:
[01m[K/home/caio/2_ROS/Doutorado_grasping/src/ros_control/hardware_interface/include/hardware_interface/internal/interface_manager.h:69:85:[m[K [01;35m[Kwarning: [m[Ktype qualifiers ignored on function return type [-Wignored-qualifiers]
   static const void callConcatManagers(typename std::vector<T*>& managers, T* result)
[01;32m[K                                                                                     ^[m[K
In file included from [01m[K/home/caio/2_ROS/Doutorado_grasping/src/ros_control/hardware_interface/include/hardware_interface/robot_hw.h:35:0[m[K,
                 from [01m[K/home/caio/2_ROS/Doutorado_grasping/src/ros_control/controller_interface/include/controller_interface/controller_base.h:37[m[K,
                 from [01m[K/home/caio/2_ROS/Doutorado_grasping/src/ros_control/controller_manager/include/controller_manager/controller_spec.h:41[m[K,
                 from [01m[K/home/caio/2_ROS/Doutorado_grasping/src/ros_control/controller_manager/include/controller_manager/controller_manager.h:36[m[K,
                 from [01m[K/home/caio/2_ROS/Doutorado_grasping/src/ur_modern_driver/include/ur_modern_driver/ros/hardware_interface.h:2[m[K,
                 from [01m[K/home/caio/2_ROS/Doutorado_grasping/src/ur_modern_driver/src/ros/hardware_interface.cpp:1[m[K:
[01m[K/home/caio/2_ROS/Doutorado_grasping/src/ros_control/hardware_interface/include/hardware_interface/internal/interface_manager.h:69:85:[m[K [01;35m[Kwarning: [m[Ktype qualifiers ignored on function return type [-Wignored-qualifiers]
   static const void callConcatManagers(typename std::vector<T*>& managers, T* result)
[01;32m[K                                                                                     ^[m[K
In file included from [01m[K/home/caio/2_ROS/Doutorado_grasping/src/ur_modern_driver/src/ros/hardware_interface.cpp:1:0[m[K:
[01m[K/home/caio/2_ROS/Doutorado_grasping/src/ur_modern_driver/include/ur_modern_driver/ros/hardware_interface.h:[m[K In constructor ‘[01m[KVelocityInterface::VelocityInterface(URCommander&, hardware_interface::JointStateInterface&, std::vector<std::__cxx11::basic_string<char> >&, double)[m[K’:
[01m[K/home/caio/2_ROS/Doutorado_grasping/src/ur_modern_driver/include/ur_modern_driver/ros/hardware_interface.h:57:10:[m[K [01;35m[Kwarning: [m[K‘[01m[KVelocityInterface::max_vel_change_[m[K’ will be initialized after [-Wreorder]
   double max_vel_change_;
[01;32m[K          ^[m[K
[01m[K/home/caio/2_ROS/Doutorado_grasping/src/ur_modern_driver/include/ur_modern_driver/ros/hardware_interface.h:56:40:[m[K [01;35m[Kwarning: [m[K  ‘[01m[Kstd::array<double, 6ul> VelocityInterface::prev_velocity_cmd_[m[K’ [-Wreorder]
   std::array<double, 6> velocity_cmd_, prev_velocity_cmd_;
[01;32m[K                                        ^[m[K
[01m[K/home/caio/2_ROS/Doutorado_grasping/src/ur_modern_driver/src/ros/hardware_interface.cpp:32:1:[m[K [01;35m[Kwarning: [m[K  when initialized here [-Wreorder]
 VelocityInterface::VelocityInterface(URCommander &commander, hardware_interface::JointStateInterface &js_interface,
[01;32m[K ^[m[K
[ 15%] [32m[1mLinking CXX shared library /home/caio/2_ROS/Doutorado_grasping/devel/.private/ur_modern_driver/lib/libur_hardware_interface.so[0m
[ 15%] Built target ur_hardware_interface
[35m[1mScanning dependencies of target ur_driver[0m
[ 20%] [32mBuilding CXX object CMakeFiles/ur_driver.dir/src/ros/action_server.cpp.o[0m
[ 25%] [32mBuilding CXX object CMakeFiles/ur_driver.dir/src/ros/mb_publisher.cpp.o[0m
[ 35%] [32mBuilding CXX object CMakeFiles/ur_driver.dir/src/ros/service_stopper.cpp.o[0m
[ 35%] [32mBuilding CXX object CMakeFiles/ur_driver.dir/src/ros/trajectory_follower.cpp.o[0m
[ 40%] [32mBuilding CXX object CMakeFiles/ur_driver.dir/src/ros/rt_publisher.cpp.o[0m
[ 45%] [32mBuilding CXX object CMakeFiles/ur_driver.dir/src/ros/lowbandwidth_trajectory_follower.cpp.o[0m
[ 50%] [32mBuilding CXX object CMakeFiles/ur_driver.dir/src/ros/urscript_handler.cpp.o[0m
[ 55%] [32mBuilding CXX object CMakeFiles/ur_driver.dir/src/ur/stream.cpp.o[0m
[ 60%] [32mBuilding CXX object CMakeFiles/ur_driver.dir/src/ur/server.cpp.o[0m
[ 70%] [32mBuilding CXX object CMakeFiles/ur_driver.dir/src/ur/robot_mode.cpp.o[0m
[ 70%] [32mBuilding CXX object CMakeFiles/ur_driver.dir/src/ur/commander.cpp.o[0m
[ 75%] [32mBuilding CXX object CMakeFiles/ur_driver.dir/src/ur/master_board.cpp.o[0m
[ 80%] [32mBuilding CXX object CMakeFiles/ur_driver.dir/src/ur/rt_state.cpp.o[0m
[ 85%] [32mBuilding CXX object CMakeFiles/ur_driver.dir/src/ur/messages.cpp.o[0m
[ 90%] [32mBuilding CXX object CMakeFiles/ur_driver.dir/src/tcp_socket.cpp.o[0m
[ 95%] [32mBuilding CXX object CMakeFiles/ur_driver.dir/src/ros_main.cpp.o[0m
In file included from [01m[K/home/caio/2_ROS/Doutorado_grasping/src/ros_control/hardware_interface/include/hardware_interface/robot_hw.h:35:0[m[K,
                 from [01m[K/home/caio/2_ROS/Doutorado_grasping/src/ros_control/controller_interface/include/controller_interface/controller_base.h:37[m[K,
                 from [01m[K/home/caio/2_ROS/Doutorado_grasping/src/ros_control/controller_manager/include/controller_manager/controller_spec.h:41[m[K,
                 from [01m[K/home/caio/2_ROS/Doutorado_grasping/src/ros_control/controller_manager/include/controller_manager/controller_manager.h:36[m[K,
                 from [01m[K/home/caio/2_ROS/Doutorado_grasping/src/ur_modern_driver/include/ur_modern_driver/ros/controller.h:2[m[K,
                 from [01m[K/home/caio/2_ROS/Doutorado_grasping/src/ur_modern_driver/src/ros_main.cpp:10[m[K:
[01m[K/home/caio/2_ROS/Doutorado_grasping/src/ros_control/hardware_interface/include/hardware_interface/internal/interface_manager.h:69:85:[m[K [01;35m[Kwarning: [m[Ktype qualifiers ignored on function return type [-Wignored-qualifiers]
   static const void callConcatManagers(typename std::vector<T*>& managers, T* result)
[01;32m[K                                                                                     ^[m[K
[100%] [32m[1mLinking CXX executable /home/caio/2_ROS/Doutorado_grasping/devel/.private/ur_modern_driver/lib/ur_modern_driver/ur_driver[0m
[100%] Built target ur_driver
