Linked: (/home/caio/2_ROS/Doutorado_grasping/devel/.private/moveit_kinematics/lib/libmoveit_cached_ur10_kinematics_plugin.so, /home/caio/2_ROS/Doutorado_grasping/devel/lib/libmoveit_cached_ur10_kinematics_plugin.so)
Linked: (/home/caio/2_ROS/Doutorado_grasping/devel/.private/moveit_kinematics/lib/libmoveit_cached_ur3_kinematics_plugin.so.1.0.1, /home/caio/2_ROS/Doutorado_grasping/devel/lib/libmoveit_cached_ur3_kinematics_plugin.so.1.0.1)
Linked: (/home/caio/2_ROS/Doutorado_grasping/devel/.private/moveit_kinematics/lib/libmoveit_cached_ur5_kinematics_plugin.so, /home/caio/2_ROS/Doutorado_grasping/devel/lib/libmoveit_cached_ur5_kinematics_plugin.so)
Linked: (/home/caio/2_ROS/Doutorado_grasping/devel/.private/moveit_kinematics/lib/libmoveit_cached_ur3_kinematics_plugin.so, /home/caio/2_ROS/Doutorado_grasping/devel/lib/libmoveit_cached_ur3_kinematics_plugin.so)
Linked: (/home/caio/2_ROS/Doutorado_grasping/devel/.private/moveit_kinematics/lib/libmoveit_cached_ik_kinematics_plugin.so, /home/caio/2_ROS/Doutorado_grasping/devel/lib/libmoveit_cached_ik_kinematics_plugin.so)
Linked: (/home/caio/2_ROS/Doutorado_grasping/devel/.private/moveit_kinematics/lib/libmoveit_lma_kinematics_plugin.so, /home/caio/2_ROS/Doutorado_grasping/devel/lib/libmoveit_lma_kinematics_plugin.so)
Linked: (/home/caio/2_ROS/Doutorado_grasping/devel/.private/moveit_kinematics/lib/libmoveit_lma_kinematics_plugin.so.1.0.1, /home/caio/2_ROS/Doutorado_grasping/devel/lib/libmoveit_lma_kinematics_plugin.so.1.0.1)
Linked: (/home/caio/2_ROS/Doutorado_grasping/devel/.private/moveit_kinematics/lib/libmoveit_cached_ik_kinematics_base.so, /home/caio/2_ROS/Doutorado_grasping/devel/lib/libmoveit_cached_ik_kinematics_base.so)
Linked: (/home/caio/2_ROS/Doutorado_grasping/devel/.private/moveit_kinematics/lib/libmoveit_srv_kinematics_plugin.so, /home/caio/2_ROS/Doutorado_grasping/devel/lib/libmoveit_srv_kinematics_plugin.so)
Linked: (/home/caio/2_ROS/Doutorado_grasping/devel/.private/moveit_kinematics/lib/libmoveit_kdl_kinematics_plugin.so.1.0.1, /home/caio/2_ROS/Doutorado_grasping/devel/lib/libmoveit_kdl_kinematics_plugin.so.1.0.1)
Linked: (/home/caio/2_ROS/Doutorado_grasping/devel/.private/moveit_kinematics/lib/libmoveit_cached_ik_kinematics_base.so.1.0.1, /home/caio/2_ROS/Doutorado_grasping/devel/lib/libmoveit_cached_ik_kinematics_base.so.1.0.1)
Linked: (/home/caio/2_ROS/Doutorado_grasping/devel/.private/moveit_kinematics/lib/libmoveit_srv_kinematics_plugin.so.1.0.1, /home/caio/2_ROS/Doutorado_grasping/devel/lib/libmoveit_srv_kinematics_plugin.so.1.0.1)
Linked: (/home/caio/2_ROS/Doutorado_grasping/devel/.private/moveit_kinematics/lib/libmoveit_cached_ur10_kinematics_plugin.so.1.0.1, /home/caio/2_ROS/Doutorado_grasping/devel/lib/libmoveit_cached_ur10_kinematics_plugin.so.1.0.1)
Linked: (/home/caio/2_ROS/Doutorado_grasping/devel/.private/moveit_kinematics/lib/libmoveit_cached_ur5_kinematics_plugin.so.1.0.1, /home/caio/2_ROS/Doutorado_grasping/devel/lib/libmoveit_cached_ur5_kinematics_plugin.so.1.0.1)
Linked: (/home/caio/2_ROS/Doutorado_grasping/devel/.private/moveit_kinematics/lib/libmoveit_cached_ik_kinematics_plugin.so.1.0.1, /home/caio/2_ROS/Doutorado_grasping/devel/lib/libmoveit_cached_ik_kinematics_plugin.so.1.0.1)
Linked: (/home/caio/2_ROS/Doutorado_grasping/devel/.private/moveit_kinematics/lib/libmoveit_kdl_kinematics_plugin.so, /home/caio/2_ROS/Doutorado_grasping/devel/lib/libmoveit_kdl_kinematics_plugin.so)
Linked: (/home/caio/2_ROS/Doutorado_grasping/devel/.private/moveit_kinematics/lib/pkgconfig/moveit_kinematics.pc, /home/caio/2_ROS/Doutorado_grasping/devel/lib/pkgconfig/moveit_kinematics.pc)
Linked: (/home/caio/2_ROS/Doutorado_grasping/devel/.private/moveit_kinematics/lib/moveit_kinematics/test_kinematics_plugin, /home/caio/2_ROS/Doutorado_grasping/devel/lib/moveit_kinematics/test_kinematics_plugin)
Linked: (/home/caio/2_ROS/Doutorado_grasping/devel/.private/moveit_kinematics/lib/moveit_kinematics/benchmark_ik, /home/caio/2_ROS/Doutorado_grasping/devel/lib/moveit_kinematics/benchmark_ik)
Linked: (/home/caio/2_ROS/Doutorado_grasping/devel/.private/moveit_kinematics/share/moveit_kinematics/cmake/moveit_kinematicsConfig.cmake, /home/caio/2_ROS/Doutorado_grasping/devel/share/moveit_kinematics/cmake/moveit_kinematicsConfig.cmake)
Linked: (/home/caio/2_ROS/Doutorado_grasping/devel/.private/moveit_kinematics/share/moveit_kinematics/cmake/moveit_kinematicsConfig-version.cmake, /home/caio/2_ROS/Doutorado_grasping/devel/share/moveit_kinematics/cmake/moveit_kinematicsConfig-version.cmake)
