Symlinking /home/caio/2_ROS/Doutorado_grasping/devel/lib/libmoveit_cached_ur10_kinematics_plugin.so
Symlinking /home/caio/2_ROS/Doutorado_grasping/devel/lib/libmoveit_cached_ur3_kinematics_plugin.so.1.0.1
Symlinking /home/caio/2_ROS/Doutorado_grasping/devel/lib/libmoveit_cached_ur5_kinematics_plugin.so
Symlinking /home/caio/2_ROS/Doutorado_grasping/devel/lib/libmoveit_cached_ur3_kinematics_plugin.so
Symlinking /home/caio/2_ROS/Doutorado_grasping/devel/lib/libmoveit_cached_ik_kinematics_plugin.so
Symlinking /home/caio/2_ROS/Doutorado_grasping/devel/lib/libmoveit_lma_kinematics_plugin.so
Symlinking /home/caio/2_ROS/Doutorado_grasping/devel/lib/libmoveit_lma_kinematics_plugin.so.1.0.1
Symlinking /home/caio/2_ROS/Doutorado_grasping/devel/lib/libmoveit_cached_ik_kinematics_base.so
Symlinking /home/caio/2_ROS/Doutorado_grasping/devel/lib/libmoveit_srv_kinematics_plugin.so
Symlinking /home/caio/2_ROS/Doutorado_grasping/devel/lib/libmoveit_kdl_kinematics_plugin.so.1.0.1
Symlinking /home/caio/2_ROS/Doutorado_grasping/devel/lib/libmoveit_cached_ik_kinematics_base.so.1.0.1
Symlinking /home/caio/2_ROS/Doutorado_grasping/devel/lib/libmoveit_srv_kinematics_plugin.so.1.0.1
Symlinking /home/caio/2_ROS/Doutorado_grasping/devel/lib/libmoveit_cached_ur10_kinematics_plugin.so.1.0.1
Symlinking /home/caio/2_ROS/Doutorado_grasping/devel/lib/libmoveit_cached_ur5_kinematics_plugin.so.1.0.1
Symlinking /home/caio/2_ROS/Doutorado_grasping/devel/lib/libmoveit_cached_ik_kinematics_plugin.so.1.0.1
Symlinking /home/caio/2_ROS/Doutorado_grasping/devel/lib/libmoveit_kdl_kinematics_plugin.so
Symlinking /home/caio/2_ROS/Doutorado_grasping/devel/lib/pkgconfig/moveit_kinematics.pc
Symlinking /home/caio/2_ROS/Doutorado_grasping/devel/lib/moveit_kinematics/test_kinematics_plugin
Symlinking /home/caio/2_ROS/Doutorado_grasping/devel/lib/moveit_kinematics/benchmark_ik
Symlinking /home/caio/2_ROS/Doutorado_grasping/devel/share/moveit_kinematics/cmake/moveit_kinematicsConfig.cmake
Symlinking /home/caio/2_ROS/Doutorado_grasping/devel/share/moveit_kinematics/cmake/moveit_kinematicsConfig-version.cmake
