[  3%] Built target moveit_version
[  6%] Built target moveit_exceptions
[  8%] Built target moveit_profiler
[  8%] Built target shape_msgs_generate_messages_nodejs
[  8%] Built target octomap_msgs_generate_messages_py
[  8%] Built target octomap_msgs_generate_messages_lisp
[  8%] Built target object_recognition_msgs_generate_messages_nodejs
[  8%] Built target object_recognition_msgs_generate_messages_eus
[  8%] Built target octomap_msgs_generate_messages_eus
[  8%] Built target object_recognition_msgs_generate_messages_cpp
[  8%] Built target trajectory_msgs_generate_messages_py
[  8%] Built target trajectory_msgs_generate_messages_lisp
[  8%] Built target trajectory_msgs_generate_messages_nodejs
[  8%] Built target trajectory_msgs_generate_messages_eus
[  8%] Built target sensor_msgs_generate_messages_nodejs
[  8%] Built target sensor_msgs_generate_messages_cpp
[  8%] Built target moveit_msgs_generate_messages_py
[  8%] Built target moveit_msgs_generate_messages_nodejs
[  8%] Built target moveit_msgs_generate_messages_lisp
[  8%] Built target visualization_msgs_generate_messages_py
[  8%] Built target visualization_msgs_generate_messages_nodejs
[  8%] Built target visualization_msgs_generate_messages_cpp
[  8%] Built target visualization_msgs_generate_messages_lisp
[  8%] Built target actionlib_generate_messages_py
[  8%] Built target actionlib_generate_messages_eus
[  8%] Built target std_msgs_generate_messages_eus
[  8%] Built target roscpp_generate_messages_py
[  8%] Built target roscpp_generate_messages_lisp
[  8%] Built target moveit_msgs_generate_messages_cpp
[  8%] Built target rosgraph_msgs_generate_messages_nodejs
[  8%] Built target geometry_msgs_generate_messages_nodejs
[  8%] Built target shape_msgs_generate_messages_py
[  8%] Built target octomap_msgs_generate_messages_cpp
[  8%] Built target actionlib_generate_messages_lisp
[  8%] Built target actionlib_msgs_generate_messages_eus
[  8%] Built target std_msgs_generate_messages_lisp
[  8%] Built target geometry_msgs_generate_messages_lisp
[  8%] Built target object_recognition_msgs_generate_messages_py
[  8%] Built target sensor_msgs_generate_messages_lisp
[  8%] Built target shape_msgs_generate_messages_cpp
[  8%] Built target roscpp_generate_messages_nodejs
[  8%] Built target moveit_msgs_generate_messages_eus
[  8%] Built target rosgraph_msgs_generate_messages_lisp
[  8%] Built target rosgraph_msgs_generate_messages_py
[  8%] Built target sensor_msgs_generate_messages_py
[  8%] Built target actionlib_generate_messages_cpp
[  8%] Built target geometry_msgs_generate_messages_eus
[  8%] Built target std_msgs_generate_messages_py
[  8%] Built target actionlib_msgs_generate_messages_py
[  8%] Built target roscpp_generate_messages_cpp
[  8%] Built target sensor_msgs_generate_messages_eus
[  8%] Built target actionlib_msgs_generate_messages_cpp
[  8%] Built target actionlib_generate_messages_nodejs
[  8%] Built target std_msgs_generate_messages_cpp
[  8%] Built target object_recognition_msgs_generate_messages_lisp
[  8%] Built target rosgraph_msgs_generate_messages_cpp
[  8%] Built target tf2_msgs_generate_messages_cpp
[  8%] Built target std_msgs_generate_messages_nodejs
[  8%] Built target actionlib_msgs_generate_messages_lisp
[  8%] Built target geometry_msgs_generate_messages_py
[  8%] Built target visualization_msgs_generate_messages_eus
[  8%] Built target _catkin_empty_exported_target
[  8%] Built target roscpp_generate_messages_eus
[  8%] Built target rosgraph_msgs_generate_messages_eus
[  8%] Built target tf2_msgs_generate_messages_eus
[  8%] Built target tf2_msgs_generate_messages_lisp
[  8%] Built target actionlib_msgs_generate_messages_nodejs
[  8%] Built target tf2_msgs_generate_messages_py
[  8%] Built target tf2_msgs_generate_messages_nodejs
[  8%] Built target octomap_msgs_generate_messages_nodejs
[  8%] Built target geometry_msgs_generate_messages_cpp
[  8%] Built target trajectory_msgs_generate_messages_cpp
[  8%] Built target shape_msgs_generate_messages_lisp
[  8%] Built target shape_msgs_generate_messages_eus
[  9%] Built target gtest
[ 11%] Built target moveit_background_processing
[ 13%] Built target moveit_transforms
[ 18%] Built target moveit_utils
[ 19%] Built target moveit_kinematics_base
[ 24%] Built target moveit_distance_field
[ 37%] Built target moveit_robot_model
[ 39%] Built target moveit_test_utils
[ 45%] Built target moveit_robot_state
[ 47%] Built target robot_state_benchmark
[ 49%] Built target moveit_robot_trajectory
[ 52%] Built target moveit_kinematics_metrics
[ 62%] Built target moveit_collision_detection
[ 63%] Built target moveit_dynamics_solver
[ 67%] Built target moveit_collision_detection_fcl
[ 70%] Built target moveit_planning_interface
[ 77%] Built target moveit_trajectory_processing
[ 78%] Built target collision_detector_fcl_plugin
[ 81%] Built target moveit_kinematic_constraints
[ 85%] Built target moveit_planning_scene
[ 91%] Built target moveit_constraint_samplers
[ 93%] Built target moveit_planning_request_adapter
[100%] Built target moveit_collision_distance_field
